c:\users\carolina\desktop\internship\software\projectcpp\sas\debug\vc142.pdb
c:\users\carolina\desktop\internship\software\projectcpp\sas\debug\vc142.idb
c:\users\carolina\desktop\internship\software\projectcpp\sas\debug\saslib.obj
c:\users\carolina\desktop\internship\software\projectcpp\sas\debug\sas.obj
c:\users\carolina\desktop\internship\software\projectcpp\sas\debug\state.obj
c:\users\carolina\desktop\internship\software\projectcpp\sas\debug\rbj.obj
c:\users\carolina\desktop\internship\software\projectcpp\sas\debug\polefilter.obj
c:\users\carolina\desktop\internship\software\projectcpp\sas\debug\custom.obj
c:\users\carolina\desktop\internship\software\projectcpp\sas\debug\chebyshevii.obj
c:\users\carolina\desktop\internship\software\projectcpp\sas\debug\chebyshevi.obj
c:\users\carolina\desktop\internship\software\projectcpp\sas\debug\cascade.obj
c:\users\carolina\desktop\internship\software\projectcpp\sas\debug\butterworth.obj
c:\users\carolina\desktop\internship\software\projectcpp\sas\debug\biquad.obj
c:\users\carolina\desktop\internship\software\projectcpp\sas\debug\sas.exe
c:\users\carolina\desktop\internship\software\projectcpp\sas\debug\sas.ilk
c:\users\carolina\desktop\internship\software\projectcpp\sas\debug\sas.pdb
c:\users\carolina\desktop\internship\software\projectcpp\sas\debug\sas.lib
c:\users\carolina\desktop\internship\software\projectcpp\sas\debug\sas.exp
c:\users\carolina\desktop\internship\software\projectcpp\sas\debug\sas.tlog\cl.command.1.tlog
c:\users\carolina\desktop\internship\software\projectcpp\sas\debug\sas.tlog\cl.read.1.tlog
c:\users\carolina\desktop\internship\software\projectcpp\sas\debug\sas.tlog\cl.write.1.tlog
c:\users\carolina\desktop\internship\software\projectcpp\sas\debug\sas.tlog\link.5640.delete.1.tlog
c:\users\carolina\desktop\internship\software\projectcpp\sas\debug\sas.tlog\link.command.1.tlog
c:\users\carolina\desktop\internship\software\projectcpp\sas\debug\sas.tlog\link.read.1.tlog
c:\users\carolina\desktop\internship\software\projectcpp\sas\debug\sas.tlog\link.write.1.tlog
c:\users\carolina\desktop\internship\software\projectcpp\sas\debug\sas.tlog\sas.write.1u.tlog
