  bandStop.cpp
C:\Users\Carolina\Desktop\Internship\Software\ProjectCPP\SAS\bandStop.cpp(27,1): warning C4305: 'initializing': truncation from 'double' to 'float'
  Biquad.cpp
  Butterworth.cpp
  Cascade.cpp
  ChebyshevI.cpp
  ChebyshevII.cpp
  Custom.cpp
  PoleFilter.cpp
  RBJ.cpp
  State.cpp
  notch100.cpp
C:\Users\Carolina\Desktop\Internship\Software\ProjectCPP\SAS\notch100.cpp(27,1): warning C4305: 'initializing': truncation from 'double' to 'float'
  notch50.cpp
C:\Users\Carolina\Desktop\Internship\Software\ProjectCPP\SAS\notch50.cpp(27,1): warning C4305: 'initializing': truncation from 'double' to 'float'
  SAS.cpp
C:\Users\Carolina\Desktop\Internship\Software\ProjectCPP\SAS\SAS.cpp(388,27): warning C4018: '<': signed/unsigned mismatch
C:\Users\Carolina\Desktop\Internship\Software\ProjectCPP\SAS\SAS.cpp(513,23): warning C4244: '=': conversion from 'unsigned __int64' to 'int', possible loss of data
C:\Users\Carolina\Desktop\Internship\Software\ProjectCPP\SAS\SAS.cpp(629,65): warning C4244: '=': conversion from 'double' to 'float', possible loss of data
C:\Users\Carolina\Desktop\Internship\Software\ProjectCPP\SAS\SAS.cpp(630,65): warning C4244: '=': conversion from 'double' to 'float', possible loss of data
C:\Users\Carolina\Desktop\Internship\Software\ProjectCPP\SAS\SAS.cpp(633,65): warning C4244: '=': conversion from 'double' to 'float', possible loss of data
C:\Users\Carolina\Desktop\Internship\Software\ProjectCPP\SAS\SAS.cpp(634,65): warning C4244: '=': conversion from 'double' to 'float', possible loss of data
C:\Users\Carolina\Desktop\Internship\Software\ProjectCPP\SAS\SAS.cpp(775,44): warning C4477: 'sprintf' : format string '%1.1f' requires an argument of type 'double', but variadic argument 2 has type 'int'
C:\Users\Carolina\Desktop\Internship\Software\ProjectCPP\SAS\SAS.cpp(944,31): warning C4018: '<': signed/unsigned mismatch
C:\Users\Carolina\Desktop\Internship\Software\ProjectCPP\SAS\SAS.cpp(1046,35): warning C4244: '=': conversion from 'double' to 'float', possible loss of data
C:\Users\Carolina\Desktop\Internship\Software\ProjectCPP\SAS\SAS.cpp(1049,35): warning C4244: '=': conversion from 'double' to 'float', possible loss of data
C:\Users\Carolina\Desktop\Internship\Software\ProjectCPP\SAS\SAS.cpp(1148,31): warning C4018: '<': signed/unsigned mismatch
  SASLIB.cpp
  Generating Code...
     Creating library C:\Users\Carolina\Desktop\Internship\Software\ProjectCPP\SAS\Debug\SAS.lib and object C:\Users\Carolina\Desktop\Internship\Software\ProjectCPP\SAS\Debug\SAS.exp
LINK : warning LNK4098: defaultlib 'MSVCRT' conflicts with use of other libs; use /NODEFAULTLIB:library
  SAS.vcxproj -> C:\Users\Carolina\Desktop\Internship\Software\ProjectCPP\SAS\Debug\SAS.exe
