c:\users\carolina\desktop\internship\software\projectcpp\sciencemode_stim_trigger\sciencemode_stim_trigger\x64\debug\vc142.pdb
c:\users\carolina\desktop\internship\software\projectcpp\sciencemode_stim_trigger\sciencemode_stim_trigger\x64\debug\vc142.idb
c:\users\carolina\desktop\internship\software\projectcpp\sciencemode_stim_trigger\sciencemode_stim_trigger\x64\debug\sciencemode_stim_trigger.obj
c:\users\carolina\desktop\internship\software\projectcpp\sciencemode_stim_trigger\sciencemode_stim_trigger\x64\debug\state.obj
c:\users\carolina\desktop\internship\software\projectcpp\sciencemode_stim_trigger\sciencemode_stim_trigger\x64\debug\rbj.obj
c:\users\carolina\desktop\internship\software\projectcpp\sciencemode_stim_trigger\sciencemode_stim_trigger\x64\debug\polefilter.obj
c:\users\carolina\desktop\internship\software\projectcpp\sciencemode_stim_trigger\sciencemode_stim_trigger\x64\debug\custom.obj
c:\users\carolina\desktop\internship\software\projectcpp\sciencemode_stim_trigger\sciencemode_stim_trigger\x64\debug\chebyshevii.obj
c:\users\carolina\desktop\internship\software\projectcpp\sciencemode_stim_trigger\sciencemode_stim_trigger\x64\debug\chebyshevi.obj
c:\users\carolina\desktop\internship\software\projectcpp\sciencemode_stim_trigger\sciencemode_stim_trigger\x64\debug\cascade.obj
c:\users\carolina\desktop\internship\software\projectcpp\sciencemode_stim_trigger\sciencemode_stim_trigger\x64\debug\butterworth.obj
c:\users\carolina\desktop\internship\software\projectcpp\sciencemode_stim_trigger\sciencemode_stim_trigger\x64\debug\biquad.obj
c:\users\carolina\desktop\internship\software\projectcpp\sciencemode_stim_trigger\x64\debug\sciencemode_stim_trigger.ilk
c:\users\carolina\desktop\internship\software\projectcpp\sciencemode_stim_trigger\x64\debug\sciencemode_stim_trigger.exe
c:\users\carolina\desktop\internship\software\projectcpp\sciencemode_stim_trigger\x64\debug\sciencemode_stim_trigger.pdb
c:\users\carolina\desktop\internship\software\projectcpp\sciencemode_stim_trigger\x64\debug\sciencemode_stim_trigger.lib
c:\users\carolina\desktop\internship\software\projectcpp\sciencemode_stim_trigger\x64\debug\sciencemode_stim_trigger.exp
c:\users\carolina\desktop\internship\software\projectcpp\sciencemode_stim_trigger\sciencemode_stim_trigger\x64\debug\sciencem.20f52b12.tlog\cl.command.1.tlog
c:\users\carolina\desktop\internship\software\projectcpp\sciencemode_stim_trigger\sciencemode_stim_trigger\x64\debug\sciencem.20f52b12.tlog\cl.read.1.tlog
c:\users\carolina\desktop\internship\software\projectcpp\sciencemode_stim_trigger\sciencemode_stim_trigger\x64\debug\sciencem.20f52b12.tlog\cl.write.1.tlog
c:\users\carolina\desktop\internship\software\projectcpp\sciencemode_stim_trigger\sciencemode_stim_trigger\x64\debug\sciencem.20f52b12.tlog\link.command.1.tlog
c:\users\carolina\desktop\internship\software\projectcpp\sciencemode_stim_trigger\sciencemode_stim_trigger\x64\debug\sciencem.20f52b12.tlog\link.delete.1.tlog
c:\users\carolina\desktop\internship\software\projectcpp\sciencemode_stim_trigger\sciencemode_stim_trigger\x64\debug\sciencem.20f52b12.tlog\link.read.1.tlog
c:\users\carolina\desktop\internship\software\projectcpp\sciencemode_stim_trigger\sciencemode_stim_trigger\x64\debug\sciencem.20f52b12.tlog\link.write.1.tlog
c:\users\carolina\desktop\internship\software\projectcpp\sciencemode_stim_trigger\sciencemode_stim_trigger\x64\debug\sciencem.20f52b12.tlog\sciencemode_stim_trigger.write.1u.tlog
