JvmtiExport can_access_local_variables 0
JvmtiExport can_hotswap_or_post_breakpoint 0
JvmtiExport can_post_on_exceptions 0
# 222 ciObject found
ciMethodData javax/swing/text/Utilities drawTabbedText (Ljavax/swing/text/View;Ljavax/swing/text/Segment;IILjava/awt/Graphics;Ljavax/swing/text/TabExpander;I[I)I 2 18518 orig 264 104 147 246 106 0 0 0 0 104 230 133 237 0 0 0 0 152 5 0 0 176 0 0 0 0 0 0 0 0 0 0 0 0 0 0 0 0 0 0 0 0 0 0 0 0 0 0 0 0 0 0 0 0 0 0 0 0 0 0 0 0 0 0 0 0 0 0 0 0 0 0 0 0 0 0 0 0 0 0 0 77 68 79 32 101 120 116 114 97 32 100 97 116 97 32 108 111 99 107 0 0 0 0 0 0 0 0 0 0 0 0 0 0 0 0 0 0 0 0 0 0 0 0 0 0 0 0 0 0 0 0 0 0 0 0 0 0 0 0 0 0 0 0 0 0 0 0 0 0 0 0 0 0 0 0 0 0 0 0 0 0 0 0 0 0 0 0 0 0 0 0 0 0 0 0 0 0 0 0 0 0 0 0 0 0 0 0 0 0 0 0 0 0 0 0 0 0 0 0 0 0 0 0 0 0 0 0 0 0 0 0 0 0 0 0 0 27 8 0 0 73 57 0 0 217 1 2 0 0 0 0 0 0 0 0 0 2 0 0 0 1 0 68 0 2 0 0 0 24 4 0 0 255 255 255 255 2 0 1 0 0 0 0 0 data 131 0x10002 0x729 0xa0002 0x729 0x350007 0x729 0xc0 0x0 0x440007 0x0 0xa0 0x0 0x480005 0x0 0x0 0x0 0x0 0x0 0x4e0007 0x0 0x50 0x0 0x550005 0x0 0x0 0x0 0x0 0x0 0x8f0007 0x729 0x308 0x403b 0x990007 0x0 0xc0 0x403b 0x9e0007 0x0 0x40 0x403b 0xa50007 0x403b 0x208 0x0 0xaf0007 0x0 0x1e8 0x0 0xb60007 0x0 0x1c8 0x0 0xbd0007 0x0 0x1a8 0x0 0xc20007 0x0 0x30 0x0 0xd10002 0x0 0xe60007 0x0 0xd0 0x0 0xeb0007 0x0 0x68 0x0 0xfb0005 0x0 0x0 0x0 0x0 0x0 0x1030003 0x0 0xd0 0x10c0005 0x0 0x0 0x0 0x0 0x0 0x1120003 0x0 0x88 0x11c0007 0x0 0x70 0x0 0x1250005 0x0 0x0 0x0 0x0 0x0 0x1320007 0x0 0x20 0x0 0x13b0003 0x0 0xa0 0x1450007 0x14d 0x40 0x3eee 0x14f0007 0x3eee 0x68 0x0 0x1540007 0x2b 0x30 0x122 0x1630002 0x122 0x1740003 0x14d 0x18 0x17d0003 0x403b 0xfffffffffffffd10 0x1820007 0x1c3 0x30 0x566 0x1910002 0x566 oops 0
ciMethodData javax/swing/text/Utilities getJComponent (Ljavax/swing/text/View;)Ljavax/swing/JComponent; 2 2067 orig 264 104 147 246 106 0 0 0 0 200 226 133 237 0 0 0 0 24 2 0 0 0 0 0 0 0 0 0 0 0 0 0 0 0 0 0 0 0 0 0 0 0 0 0 0 0 0 0 0 0 0 0 0 0 0 0 0 0 0 0 0 0 0 0 0 0 0 0 0 0 0 0 0 0 0 0 0 0 0 0 0 77 68 79 32 101 120 116 114 97 32 100 97 116 97 32 108 111 99 107 0 0 0 0 0 0 0 0 0 0 0 0 0 0 0 0 0 0 0 0 0 0 0 0 0 0 0 0 0 0 0 0 0 0 0 0 0 0 0 0 0 0 0 0 0 0 0 0 0 0 0 0 0 0 0 0 0 0 0 0 0 0 0 0 0 0 0 0 0 0 0 0 0 0 0 0 0 0 0 0 0 0 0 0 0 0 0 0 0 0 0 0 0 0 0 0 0 0 0 0 0 0 0 0 0 0 0 0 0 0 0 0 0 0 0 0 0 189 0 0 0 121 58 0 0 1 0 0 0 0 0 0 0 0 0 0 0 2 0 0 0 0 0 0 0 0 0 0 0 208 0 0 0 255 255 255 255 7 0 1 0 0 0 0 0 data 26 0x10007 0x647 0xd0 0x108 0x50005 0x0 0x13d2e9d20 0xc2 0x13d2e9dd0 0x46 0xa0004 0x0 0x13d2e9e80 0xc2 0x13d2e9f30 0x46 0xd0007 0x0 0x50 0x108 0x110004 0x0 0x13d2e9e80 0xc2 0x13d2e9f30 0x46 oops 6 6 com/mathworks/mde/cmdwin/CmdWinSyntaxUI$SyntaxPlainView 8 javax/swing/text/html/InlineView 12 com/mathworks/mde/cmdwin/XCmdWndView 14 com/mathworks/mwswing/MJEditorPane 22 com/mathworks/mde/cmdwin/XCmdWndView 24 com/mathworks/mwswing/MJEditorPane
ciMethod java/lang/String <init> ([CII)V 4097 1 10779 0 -1
ciMethod java/lang/ref/SoftReference get ()Ljava/lang/Object; 2953 1 40520 0 -1
ciMethod java/lang/Integer equals (Ljava/lang/Object;)Z 2113 1 10179 0 -1
ciMethod java/security/AccessController doPrivileged (Ljava/security/PrivilegedAction;)Ljava/lang/Object; 2049 1 256 0 -1
ciMethod java/util/concurrent/ConcurrentHashMap get (Ljava/lang/Object;)Ljava/lang/Object; 2089 57 13054 0 -1
ciMethod java/util/concurrent/ConcurrentHashMap put (Ljava/lang/Object;Ljava/lang/Object;)Ljava/lang/Object; 2049 1 10952 0 -1
ciMethod javax/swing/JComponent getFontMetrics (Ljava/awt/Font;)Ljava/awt/FontMetrics; 3081 1 10720 0 -1
ciMethod java/awt/Toolkit getFontMetrics (Ljava/awt/Font;)Ljava/awt/FontMetrics; 0 0 1 0 -1
ciMethod java/awt/Toolkit loadAssistiveTechnologies ()V 9 1 1 0 -1
ciMethod java/awt/Toolkit getDefaultToolkit ()Ljava/awt/Toolkit; 2049 1 39894 0 576
ciMethod java/awt/GraphicsEnvironment getLocalGraphicsEnvironment ()Ljava/awt/GraphicsEnvironment; 1961 1 890 0 -1
ciMethod java/awt/GraphicsEnvironment isHeadless ()Z 809 1 10888 0 -1
ciMethod java/awt/GraphicsEnvironment getDefaultScreenDevice ()Ljava/awt/GraphicsDevice; 0 0 1 0 -1
ciMethod java/awt/geom/AffineTransform <init> ()V 1225 1 19686 0 -1
ciMethod sun/awt/SunToolkit getFontMetrics (Ljava/awt/Font;)Ljava/awt/FontMetrics; 3081 1 5016 0 0
ciMethod sun/awt/windows/WToolkit getFontMetrics (Ljava/awt/Font;)Ljava/awt/FontMetrics; 3081 1 4974 0 0
ciMethod java/awt/GraphicsDevice getDefaultConfiguration ()Ljava/awt/GraphicsConfiguration; 0 0 1 0 -1
ciMethod java/awt/GraphicsConfiguration getDefaultTransform ()Ljava/awt/geom/AffineTransform; 0 0 1 0 -1
ciMethod java/awt/Toolkit$2 <init> ()V 9 1 1 0 -1
ciMethod sun/swing/SwingUtilities2 drawTextAntialiased (Ljavax/swing/JComponent;)Lsun/swing/SwingUtilities2$AATextInfo; 3361 1 3088 0 -1
ciMethod sun/swing/SwingUtilities2 getFontMetrics (Ljavax/swing/JComponent;Ljava/awt/Graphics;)Ljava/awt/FontMetrics; 2049 1 5647 0 0
ciMethod sun/swing/SwingUtilities2 getFontMetrics (Ljavax/swing/JComponent;Ljava/awt/Graphics;Ljava/awt/Font;)Ljava/awt/FontMetrics; 2049 1 5925 0 0
ciMethod sun/swing/SwingUtilities2 drawChars (Ljavax/swing/JComponent;Ljava/awt/Graphics;[CIIII)I 1281 1 1832 0 -1
ciMethod sun/swing/SwingUtilities2 isFontRenderContextPrintCompatible (Ljava/awt/font/FontRenderContext;Ljava/awt/font/FontRenderContext;)Z 0 0 1 0 -1
ciMethod sun/swing/SwingUtilities2 getGraphics2D (Ljava/awt/Graphics;)Ljava/awt/Graphics2D; 0 0 1 0 -1
ciMethod sun/swing/SwingUtilities2 getFontRenderContext (Ljava/awt/Component;)Ljava/awt/font/FontRenderContext; 0 0 1 0 -1
ciMethod sun/swing/SwingUtilities2 isPrinting (Ljava/awt/Graphics;)Z 2321 1 3075 0 -1
ciMethod java/awt/font/FontRenderContext <init> (Ljava/awt/geom/AffineTransform;ZZ)V 49 1 13 0 -1
ciMethod java/awt/font/FontRenderContext equals (Ljava/awt/font/FontRenderContext;)Z 2049 1 3432 0 -1
ciMethod sun/font/FontUtilities getFont2D (Ljava/awt/Font;)Lsun/font/Font2D; 1105 1 16029 0 -1
ciMethod sun/font/FontManagerFactory getInstance ()Lsun/font/FontManager; 3073 1 19774 0 0
ciMethod sun/font/FontManagerFactory$1 <init> ()V 9 1 1 0 -1
ciMethod sun/font/SunFontManager getInstance ()Lsun/font/SunFontManager; 2057 1 7467 0 -1
ciMethod sun/font/SunFontManager usePlatformFontMetrics ()Z 1105 1 138 0 0
ciMethod sun/font/SunFontManager maybeUsingAlternateCompositeFonts ()Z 2137 1 6416 0 -1
ciMethod java/awt/Graphics getFont ()Ljava/awt/Font; 0 0 1 0 -1
ciMethod java/awt/Graphics drawChars ([CIIII)V 0 0 1 0 -1
ciMethod java/awt/Graphics2D setRenderingHint (Ljava/awt/RenderingHints$Key;Ljava/lang/Object;)V 0 0 1 0 -1
ciMethod java/awt/Graphics2D getRenderingHint (Ljava/awt/RenderingHints$Key;)Ljava/lang/Object; 0 0 1 0 -1
ciMethod java/awt/Graphics2D getFontRenderContext ()Ljava/awt/font/FontRenderContext; 0 0 1 0 -1
ciMethod sun/java2d/SunGraphics2D getFont ()Ljava/awt/Font; 1505 1 5381 0 64
ciMethodData java/awt/Toolkit getDefaultToolkit ()Ljava/awt/Toolkit; 2 39950 orig 264 104 147 246 106 0 0 0 0 152 46 39 105 0 0 0 0 144 1 0 0 0 0 0 0 0 0 0 0 0 0 0 0 0 0 0 0 0 0 0 0 0 0 0 0 0 0 0 0 0 0 0 0 0 0 0 0 0 0 0 0 0 0 0 0 0 0 0 0 0 0 0 0 0 0 0 0 0 0 0 0 77 68 79 32 101 120 116 114 97 32 100 97 116 97 32 108 111 99 107 0 0 0 0 0 0 0 0 0 0 0 0 0 0 0 0 0 0 0 0 0 0 0 0 0 0 0 0 0 0 0 0 0 0 0 0 0 0 0 0 0 0 0 0 0 0 0 0 0 0 0 0 0 0 0 0 0 0 0 0 0 0 0 0 0 0 0 0 0 0 0 0 0 0 0 0 0 0 0 0 0 0 0 0 0 25 0 0 0 0 0 0 0 0 0 0 0 0 0 0 0 0 0 0 0 0 0 0 0 0 0 0 0 0 0 0 0 0 1 0 0 113 216 4 0 1 0 0 0 0 0 0 0 0 0 0 0 2 0 0 0 0 0 6 0 2 0 0 0 80 0 0 0 255 255 255 255 7 0 3 0 0 0 0 0 data 10 0x30007 0x9b0e 0x50 0x0 0xa0002 0x0 0xd0002 0x0 0x110002 0x0 oops 0
ciMethod sun/font/FontDesignMetrics getDefaultFrc ()Ljava/awt/font/FontRenderContext; 2089 1 5445 0 96
ciMethod sun/font/FontDesignMetrics getMetrics (Ljava/awt/Font;)Lsun/font/FontDesignMetrics; 3081 1 5016 0 0
ciMethod sun/font/FontDesignMetrics getMetrics (Ljava/awt/Font;Ljava/awt/font/FontRenderContext;)Lsun/font/FontDesignMetrics; 2137 1433 6416 0 16832
ciMethod sun/font/FontDesignMetrics <init> (Ljava/awt/Font;Ljava/awt/font/FontRenderContext;)V 49 1 5039 0 -1
ciMethod java/awt/FontMetrics charWidth (C)I 0 0 1 0 -1
ciMethod java/awt/FontMetrics charsWidth ([CII)I 0 0 1 0 -1
ciMethod sun/font/FontDesignMetrics$MetricsKey <init> (Ljava/awt/Font;Ljava/awt/font/FontRenderContext;)V 33 1 10 0 -1
ciMethod sun/font/FontDesignMetrics$MetricsKey init (Ljava/awt/Font;Ljava/awt/font/FontRenderContext;)V 2129 1 1148 0 -1
ciMethod sun/font/FontDesignMetrics$KeyReference <init> (Ljava/lang/Object;Ljava/lang/Object;)V 49 1 12 0 -1
ciMethodData sun/font/FontManagerFactory getInstance ()Lsun/font/FontManager; 2 19774 orig 264 104 147 246 106 0 0 0 0 144 87 147 189 0 0 0 0 128 1 0 0 0 0 0 0 0 0 0 0 0 0 0 0 0 0 0 0 0 0 0 0 0 0 0 0 0 0 0 0 0 0 0 0 0 0 0 0 0 0 0 0 0 0 0 0 0 0 0 0 0 0 0 0 0 0 0 0 0 0 0 0 77 68 79 32 101 120 116 114 97 32 100 97 116 97 32 108 111 99 107 0 0 0 0 0 0 0 0 0 0 0 0 0 0 0 0 0 0 0 0 0 0 0 0 0 0 0 0 0 0 0 0 0 0 0 0 0 0 0 0 0 0 0 0 0 0 0 0 0 0 0 0 0 0 0 0 0 0 0 0 0 0 0 0 0 0 0 0 0 0 0 0 0 0 0 0 0 0 0 0 0 0 0 0 0 0 0 0 0 0 0 0 0 0 0 0 0 0 0 0 0 0 0 0 0 0 0 0 0 0 0 0 0 0 0 0 0 128 1 0 0 241 93 2 0 1 0 0 0 0 0 0 0 0 0 0 0 2 0 0 0 0 0 5 0 2 0 0 0 64 0 0 0 255 255 255 255 7 0 3 0 0 0 0 0 data 8 0x30007 0x0 0x20 0x4bbe 0xe0002 0x0 0x110002 0x0 oops 0
ciMethod javax/swing/text/View getParent ()Ljavax/swing/text/View; 1209 1 151 0 0
ciMethod javax/swing/text/View getStartOffset ()I 2137 1 8243 0 -1
ciMethod javax/swing/text/View getContainer ()Ljava/awt/Container; 4097 1 28442 0 96
ciMethod javax/swing/text/TabExpander nextTabStop (FI)F 0 0 1 0 -1
ciMethod javax/swing/text/Utilities getJComponent (Ljavax/swing/text/View;)Ljavax/swing/JComponent; 1513 1 2022 0 0
ciMethod javax/swing/text/Utilities drawTabbedText (Ljavax/swing/text/View;Ljavax/swing/text/Segment;IILjava/awt/Graphics;Ljavax/swing/text/TabExpander;I[I)I 1513 16601 2022 0 -1
ciMethodData javax/swing/text/View getContainer ()Ljava/awt/Container; 2 28444 orig 264 104 147 246 106 0 0 0 0 160 205 50 230 0 0 0 0 224 1 0 0 0 0 0 0 0 0 0 0 0 0 0 0 0 0 0 0 0 0 0 0 0 0 0 0 0 0 0 0 0 0 0 0 0 0 0 0 0 0 0 0 0 0 0 0 0 0 0 0 0 0 0 0 0 0 0 0 0 0 0 0 77 68 79 32 101 120 116 114 97 32 100 97 116 97 32 108 111 99 107 0 0 0 0 0 0 0 0 0 0 0 0 0 0 0 0 0 0 0 0 0 0 0 0 0 0 0 0 0 0 0 0 0 0 0 0 0 0 0 0 0 0 0 0 0 0 0 0 0 0 0 0 0 0 0 0 0 0 0 0 0 0 0 0 0 0 0 0 0 0 0 0 0 0 0 0 0 0 0 0 0 0 0 0 0 0 0 0 0 0 0 0 0 0 0 0 0 0 0 0 0 0 0 0 0 0 0 0 0 0 0 0 0 0 0 0 0 0 2 0 0 225 104 3 0 1 0 0 0 0 0 0 0 0 0 0 0 2 0 0 0 0 0 6 0 2 0 0 0 152 0 0 0 255 255 255 255 5 0 1 0 0 0 0 0 data 19 0x10005 0x163e 0x13d2eb850 0x5c8 0x13d2eb900 0x5116 0x60007 0x0 0x68 0x6d1c 0xa0005 0xb3d 0x13d2eb9b0 0x10c9 0x13d2eba60 0x5116 0xd0003 0x6d1c 0x18 oops 4 2 org/netbeans/editor/view/spi/LockView 4 org/netbeans/editor/DrawEngineLineView 12 javax/swing/plaf/basic/BasicTextUI$RootView 14 org/netbeans/editor/DrawEngineDocView
ciMethodData sun/font/FontDesignMetrics getDefaultFrc ()Ljava/awt/font/FontRenderContext; 2 5445 orig 264 104 147 246 106 0 0 0 0 32 114 49 220 0 0 0 0 104 2 0 0 232 0 0 0 0 0 0 0 0 0 0 0 0 0 0 0 0 0 0 0 0 0 0 0 0 0 0 0 0 0 0 0 0 0 0 0 0 0 0 0 0 0 0 0 0 0 0 0 0 0 0 0 0 0 0 0 0 0 0 0 77 68 79 32 101 120 116 114 97 32 100 97 116 97 32 108 111 99 107 0 0 0 0 0 0 0 0 0 0 0 0 0 0 0 0 0 0 0 0 0 0 0 0 0 0 0 0 0 0 0 0 0 0 0 0 0 0 0 0 0 0 0 0 0 0 0 0 0 0 0 0 0 0 0 0 0 0 0 0 0 0 0 0 0 0 0 0 0 0 0 0 0 0 0 0 0 0 0 0 0 0 0 0 0 0 0 0 0 0 0 0 0 0 0 0 0 0 0 0 0 0 0 0 0 0 0 0 0 0 0 0 0 0 0 0 0 5 1 0 0 1 162 0 0 1 0 0 0 0 0 0 0 0 0 0 0 2 0 0 0 0 0 19 0 2 0 0 0 40 1 0 0 255 255 255 255 7 0 3 0 0 0 0 0 data 37 0x30007 0x1440 0x128 0x0 0x60002 0x0 0x90007 0x0 0x48 0x0 0x100002 0x0 0x140003 0x0 0xb8 0x170002 0x0 0x1a0005 0x0 0x0 0x0 0x0 0x0 0x1d0005 0x0 0x0 0x0 0x0 0x0 0x200005 0x0 0x0 0x0 0x0 0x0 0x2b0002 0x0 oops 0
ciMethodData sun/java2d/SunGraphics2D getFont ()Ljava/awt/Font; 2 5381 orig 264 104 147 246 106 0 0 0 0 128 194 150 207 0 0 0 0 64 1 0 0 0 0 0 0 0 0 0 0 0 0 0 0 0 0 0 0 0 0 0 0 0 0 0 0 0 0 0 0 0 0 0 0 0 0 0 0 0 0 0 0 0 0 0 0 0 0 0 0 0 0 0 0 0 0 0 0 0 0 0 0 77 68 79 32 101 120 116 114 97 32 100 97 116 97 32 108 111 99 107 0 0 0 0 0 0 0 0 0 0 0 0 0 0 0 0 0 0 0 0 0 0 0 0 0 0 0 0 0 0 0 0 0 0 0 0 0 0 0 0 0 0 0 0 0 0 0 0 0 0 0 0 0 0 0 0 0 0 0 0 0 0 0 0 0 0 0 0 0 0 0 0 0 0 0 0 0 0 0 0 0 0 0 0 0 0 0 0 0 0 0 0 0 0 0 0 0 0 0 0 0 0 0 0 0 0 0 0 0 0 0 0 0 0 0 0 0 188 0 0 0 73 162 0 0 1 0 0 0 0 0 0 0 0 0 0 0 2 0 0 0 0 0 6 0 2 0 0 0 32 0 0 0 255 255 255 255 7 0 4 0 0 0 0 0 data 4 0x40007 0x1449 0x20 0x0 oops 0
ciMethodData sun/swing/SwingUtilities2 getFontMetrics (Ljavax/swing/JComponent;Ljava/awt/Graphics;)Ljava/awt/FontMetrics; 2 5921 orig 264 104 147 246 106 0 0 0 0 192 164 138 189 0 0 0 0 144 1 0 0 0 0 0 0 0 0 0 0 0 0 0 0 0 0 0 0 0 0 0 0 0 0 0 0 0 0 0 0 0 0 0 0 0 0 0 0 0 0 0 0 0 0 0 0 0 0 0 0 0 0 0 0 0 0 0 0 0 0 0 0 77 68 79 32 101 120 116 114 97 32 100 97 116 97 32 108 111 99 107 0 0 0 0 0 0 0 0 0 0 0 0 0 0 0 0 0 0 0 0 0 0 0 0 0 0 0 0 0 0 0 0 0 0 0 0 0 0 0 0 0 0 0 0 0 0 0 0 0 0 0 0 0 0 0 0 0 0 0 0 0 0 0 0 0 0 0 0 0 0 0 0 0 0 0 0 0 0 0 0 0 0 0 0 0 0 0 0 0 0 0 0 0 0 0 0 0 0 0 0 0 0 0 0 0 0 0 0 0 0 0 0 0 0 0 0 0 0 1 0 0 9 177 0 0 1 0 0 0 0 0 0 0 0 0 0 0 2 0 0 0 0 0 11 0 2 0 0 0 64 0 0 0 255 255 255 255 5 0 3 0 0 0 0 0 data 8 0x30005 0x0 0xcdfadd30 0x1621 0x0 0x0 0x60002 0x1621 oops 1 2 sun/java2d/SunGraphics2D
ciMethodData sun/swing/SwingUtilities2 getFontMetrics (Ljavax/swing/JComponent;Ljava/awt/Graphics;Ljava/awt/Font;)Ljava/awt/FontMetrics; 2 6033 orig 264 104 147 246 106 0 0 0 0 104 165 138 189 0 0 0 0 232 1 0 0 80 0 0 0 0 0 0 0 0 0 0 0 0 0 0 0 0 0 0 0 0 0 0 0 0 0 0 0 0 0 0 0 0 0 0 0 0 0 0 0 0 0 0 0 0 0 0 0 0 0 0 0 0 0 0 0 0 0 0 0 77 68 79 32 101 120 116 114 97 32 100 97 116 97 32 108 111 99 107 0 0 0 0 0 0 0 0 0 0 0 0 0 0 0 0 0 0 0 0 0 0 0 0 0 0 0 0 0 0 0 0 0 0 0 0 0 0 0 0 0 0 0 0 0 0 0 0 0 0 0 0 0 0 0 0 0 0 0 0 0 0 0 0 0 0 0 0 0 0 0 0 0 0 0 0 0 0 0 0 0 0 0 0 0 0 0 0 0 0 0 0 0 0 0 0 0 0 0 0 0 0 0 0 0 0 0 0 0 0 0 0 0 0 0 0 0 0 1 0 0 137 180 0 0 1 0 0 0 0 0 0 0 0 0 0 0 2 0 0 0 0 0 10 0 2 0 0 0 144 0 0 0 255 255 255 255 7 0 1 0 0 0 0 0 data 18 0x10007 0xe10 0x50 0x881 0x60005 0x6d2 0xcdfb3420 0x4e 0x13d2e9e80 0x161 0xa0002 0xe10 0xe0005 0x0 0xcdfb34d0 0xe10 0x0 0x0 oops 3 6 com/sun/java/swing/plaf/windows/WindowsTableHeaderUI$XPDefaultRenderer 8 com/mathworks/mde/cmdwin/XCmdWndView 14 sun/awt/windows/WToolkit
ciMethodData sun/awt/windows/WToolkit getFontMetrics (Ljava/awt/Font;)Ljava/awt/FontMetrics; 2 5016 orig 264 104 147 246 106 0 0 0 0 0 255 73 105 0 0 0 0 80 2 0 0 224 0 0 0 0 0 0 0 0 0 0 0 0 0 0 0 0 0 0 0 0 0 0 0 0 0 0 0 0 0 0 0 0 0 0 0 0 0 0 0 0 0 0 0 0 0 0 0 0 0 0 0 0 0 0 0 0 0 0 0 77 68 79 32 101 120 116 114 97 32 100 97 116 97 32 108 111 99 107 0 0 0 0 0 0 0 0 0 0 0 0 0 0 0 0 0 0 0 0 0 0 0 0 0 0 0 0 0 0 0 0 0 0 0 0 0 0 0 0 0 0 0 0 0 0 0 0 0 0 0 0 0 0 0 0 0 0 0 0 0 0 0 0 0 0 0 0 0 0 0 0 0 0 0 0 0 0 0 0 0 0 0 0 0 0 0 0 0 0 0 0 0 0 0 0 0 0 0 0 0 0 0 0 0 0 0 0 0 0 0 0 0 0 0 0 0 129 1 0 0 185 144 0 0 1 0 0 0 0 0 0 0 0 0 0 0 2 0 0 0 0 0 12 0 2 0 0 0 0 1 0 0 255 255 255 255 2 0 0 0 0 0 0 0 data 32 0x2 0x1217 0x50004 0x0 0x13da0a520 0x1217 0x0 0x0 0x80007 0x0 0xb0 0x1217 0xc0004 0x0 0x13da0a520 0x1217 0x0 0x0 0xf0005 0x0 0x13da0a520 0x1217 0x0 0x0 0x120007 0x1217 0x30 0x0 0x160002 0x0 0x1c0002 0x1217 oops 3 4 sun/awt/Win32FontManager 14 sun/awt/Win32FontManager 20 sun/awt/Win32FontManager
ciMethodData sun/awt/SunToolkit getFontMetrics (Ljava/awt/Font;)Ljava/awt/FontMetrics; 2 5016 orig 264 104 147 246 106 0 0 0 0 48 218 68 105 0 0 0 0 96 1 0 0 0 0 0 0 0 0 0 0 0 0 0 0 0 0 0 0 0 0 0 0 0 0 0 0 0 0 0 0 0 0 0 0 0 0 0 0 0 0 0 0 0 0 0 0 0 0 0 0 0 0 0 0 0 0 0 0 0 0 0 0 77 68 79 32 101 120 116 114 97 32 100 97 116 97 32 108 111 99 107 0 0 0 0 0 0 0 0 0 0 0 0 0 0 0 0 0 0 0 0 0 0 0 0 0 0 0 0 0 0 0 0 0 0 0 0 0 0 0 0 0 0 0 0 0 0 0 0 0 0 0 0 0 0 0 0 0 0 0 0 0 0 0 0 0 0 0 0 0 0 0 0 0 0 0 0 0 0 0 0 0 0 0 0 0 0 0 0 0 0 0 0 0 0 0 0 0 0 0 0 0 0 0 0 0 0 0 0 0 0 0 0 0 0 0 0 0 129 1 0 0 185 144 0 0 1 0 0 0 0 0 0 0 0 0 0 0 2 0 0 0 0 0 3 0 2 0 0 0 16 0 0 0 255 255 255 255 2 0 1 0 0 0 0 0 data 2 0x10002 0x1217 oops 0
ciMethodData sun/font/FontDesignMetrics getMetrics (Ljava/awt/Font;)Lsun/font/FontDesignMetrics; 2 5016 orig 264 104 147 246 106 0 0 0 0 184 114 49 220 0 0 0 0 104 1 0 0 0 0 0 0 0 0 0 0 0 0 0 0 0 0 0 0 0 0 0 0 0 0 0 0 0 0 0 0 0 0 0 0 0 0 0 0 0 0 0 0 0 0 0 0 0 0 0 0 0 0 0 0 0 0 0 0 0 0 0 0 77 68 79 32 101 120 116 114 97 32 100 97 116 97 32 108 111 99 107 0 0 0 0 0 0 0 0 0 0 0 0 0 0 0 0 0 0 0 0 0 0 0 0 0 0 0 0 0 0 0 0 0 0 0 0 0 0 0 0 0 0 0 0 0 0 0 0 0 0 0 0 0 0 0 0 0 0 0 0 0 0 0 0 0 0 0 0 0 0 0 0 0 0 0 0 0 0 0 0 0 0 0 0 0 0 0 0 0 0 0 0 0 0 0 0 0 0 0 0 0 0 0 0 0 0 0 0 0 0 0 0 0 0 0 0 0 129 1 0 0 185 144 0 0 1 0 0 0 0 0 0 0 0 0 0 0 2 0 0 0 0 0 3 0 2 0 0 0 32 0 0 0 255 255 255 255 2 0 1 0 0 0 0 0 data 4 0x10002 0x1217 0x40002 0x1217 oops 0
instanceKlass com/mathworks/widgets/desk/Desktop$53
instanceKlass sun/font/SunFontManager$11
instanceKlass sun/font/SunFontManager$10
instanceKlass com/mathworks/hg/uij/TextBoundsRequestHandler$TextExtentsRunnable
instanceKlass com/mathworks/hg/uij/TextBoundsRequestHandler
instanceKlass com/mathworks/mde/cmdhist/HistoryTelemetryCollector
instanceKlass com/mathworks/mde/cmdwin/XCaret$4
instanceKlass ca/odell/glazedlists/impl/event/BlockSequence$Iterator
instanceKlass com/mathworks/mde/cmdwin/CmdWinMLIF$4
instanceKlass com/mathworks/mde/editor/plugins/matlab/MatlabSelectionDelegate$3
instanceKlass com/mathworks/mde/editor/plugins/matlab/MatlabSelectionDelegate
instanceKlass com/mathworks/toolbox/eml/actions/EmlSelectionDelegate
instanceKlass com/mathworks/mde/editor/SelectionAction$1
instanceKlass com/mathworks/mde/editor/SelectionAction$OsgiDelegateProvider
instanceKlass com/mathworks/mde/editor/SelectionAction$DelegateProvider
instanceKlass com/mathworks/mde/editor/SelectionAction
instanceKlass com/mathworks/mlwidgets/explorer/widgets/address/AddressBarButtonPanel$1
instanceKlass com/mathworks/mlwidgets/explorer/widgets/address/AddressBarButtonPanel$StateChangeListener$1
instanceKlass com/mathworks/hg/peer/CommandRunnable
instanceKlass javax/swing/PopupFactory
instanceKlass javax/swing/plaf/basic/BasicToolTipUI$PropertyChangeHandler
instanceKlass com/mathworks/hg/peer/JOGLEventListener
instanceKlass com/jogamp/opengl/util/TileRendererBase$TileRendererListener
instanceKlass jogamp/opengl/GLDrawableHelper$1
instanceKlass com/jogamp/opengl/awt/GLJPanel$12
instanceKlass com/jogamp/opengl/awt/GLJPanel$11
instanceKlass com/jogamp/opengl/awt/GLJPanel$10
instanceKlass com/jogamp/opengl/awt/GLJPanel$9
instanceKlass com/jogamp/opengl/awt/GLJPanel$8
instanceKlass com/jogamp/opengl/awt/GLJPanel$6
instanceKlass com/jogamp/opengl/awt/GLJPanel$5
instanceKlass com/jogamp/opengl/awt/GLJPanel$4
instanceKlass com/jogamp/opengl/awt/GLJPanel$2
instanceKlass com/jogamp/nativewindow/awt/AWTWindowClosingProtocol
instanceKlass com/jogamp/opengl/awt/GLJPanel$1
instanceKlass com/mathworks/hg/peer/HGCanvasPeer$Scale
instanceKlass com/mathworks/hg/peer/HGCanvasPeer$Size
instanceKlass com/jogamp/opengl/GLCapabilitiesChooser
instanceKlass com/jogamp/opengl/util/awt/AWTGLPixelBuffer$AWTGLPixelBufferProvider
instanceKlass com/jogamp/opengl/util/GLPixelBuffer$SingletonGLPixelBufferProvider
instanceKlass com/jogamp/opengl/util/GLPixelBuffer$GLPixelBufferProvider
instanceKlass com/jogamp/opengl/awt/GLJPanel$Updater
instanceKlass jogamp/opengl/awt/AWTTilePainter
instanceKlass com/jogamp/opengl/GLAnimatorControl
instanceKlass com/jogamp/opengl/FPSCounter
instanceKlass jogamp/opengl/GLDrawableHelper
instanceKlass com/jogamp/opengl/GLRunnable
instanceKlass com/jogamp/opengl/awt/GLJPanel$Backend
instanceKlass jogamp/opengl/windows/wgl/WindowsWGLDrawableFactory$SharedResource
instanceKlass jogamp/opengl/windows/wgl/WGLExtProcAddressTable$1
instanceKlass com/jogamp/common/nio/AbstractBuffer
instanceKlass com/jogamp/common/nio/NativeBuffer
instanceKlass com/jogamp/opengl/GLUniformData
instanceKlass com/jogamp/opengl/GLArrayData
instanceKlass jogamp/opengl/windows/wgl/WGLExtImpl
instanceKlass jogamp/opengl/gl4/GL4bcProcAddressTable$1
instanceKlass jogamp/opengl/ExtensionAvailabilityCache
instanceKlass jogamp/opengl/gl4/GL4bcImpl$14
instanceKlass jogamp/opengl/gl4/GL4bcImpl$13
instanceKlass jogamp/opengl/gl4/GL4bcImpl$12
instanceKlass jogamp/opengl/gl4/GL4bcImpl$11
instanceKlass jogamp/opengl/gl4/GL4bcImpl$10
instanceKlass jogamp/opengl/gl4/GL4bcImpl$9
instanceKlass jogamp/opengl/gl4/GL4bcImpl$8
instanceKlass jogamp/opengl/gl4/GL4bcImpl$7
instanceKlass jogamp/opengl/gl4/GL4bcImpl$6
instanceKlass jogamp/opengl/gl4/GL4bcImpl$5
instanceKlass jogamp/opengl/gl4/GL4bcImpl$4
instanceKlass jogamp/opengl/gl4/GL4bcImpl$3
instanceKlass jogamp/opengl/gl4/GL4bcImpl$2
instanceKlass jogamp/opengl/gl4/GL4bcImpl$1
instanceKlass jogamp/opengl/GLContextImpl$1
instanceKlass com/jogamp/opengl/GLRendererQuirks
instanceKlass jogamp/opengl/GLContextShareSet
instanceKlass jogamp/opengl/ListenerSyncedImplStub
instanceKlass jogamp/opengl/GLDebugMessageHandler
instanceKlass com/jogamp/common/util/IntObjectHashMap$Entry
instanceKlass com/jogamp/common/util/IntObjectHashMap$EntryCM
instanceKlass com/jogamp/common/util/IntObjectHashMap$1
instanceKlass com/jogamp/common/util/IntObjectHashMap
instanceKlass com/jogamp/opengl/GLBufferStorage
instanceKlass jogamp/opengl/GLBufferObjectTracker
instanceKlass jogamp/opengl/GLBufferStateTracker
instanceKlass jogamp/opengl/GLContextImpl$2
instanceKlass com/jogamp/common/util/IntIntHashMap$Entry
instanceKlass com/jogamp/common/util/IntIntHashMap
instanceKlass jogamp/opengl/GLStateTracker
instanceKlass jogamp/opengl/windows/wgl/WGLExt
instanceKlass com/jogamp/opengl/GLDebugListener
instanceKlass jogamp/nativewindow/windows/PIXELFORMATDESCRIPTOR
instanceKlass jogamp/opengl/windows/wgl/WGLUtil
instanceKlass jogamp/nativewindow/windows/RegisteredClass
instanceKlass jogamp/nativewindow/SurfaceUpdatedHelper
instanceKlass com/jogamp/nativewindow/UpstreamSurfaceHookMutableSize
instanceKlass com/jogamp/nativewindow/UpstreamSurfaceHook$MutableSize
instanceKlass jogamp/nativewindow/ProxySurfaceImpl
instanceKlass com/jogamp/nativewindow/DefaultGraphicsConfiguration
instanceKlass jogamp/opengl/GLGraphicsConfigurationUtil
instanceKlass com/jogamp/nativewindow/DefaultGraphicsScreen
instanceKlass jogamp/opengl/windows/wgl/WindowsWGLDrawableFactory$SharedResourceImplementation
instanceKlass jogamp/opengl/SharedResourceRunner
instanceKlass com/jogamp/nativewindow/VisualIDHolder$VIDComparator
instanceKlass com/jogamp/nativewindow/CapabilitiesChooser
instanceKlass com/jogamp/gluegen/runtime/opengl/GLNameResolver
instanceKlass com/jogamp/gluegen/runtime/opengl/GLProcAddressResolver
instanceKlass com/jogamp/gluegen/runtime/ProcAddressTable$1
instanceKlass jogamp/opengl/windows/wgl/WGL
instanceKlass jogamp/common/os/DynamicLinkerImpl$LibRef
instanceKlass com/jogamp/common/util/HashUtil
instanceKlass com/jogamp/common/util/LongObjectHashMap$Entry
instanceKlass com/jogamp/common/util/LongObjectHashMap$EntryCM
instanceKlass com/jogamp/common/util/LongObjectHashMap$1
instanceKlass com/jogamp/common/util/LongObjectHashMap
instanceKlass jogamp/common/os/DynamicLinkerImpl
instanceKlass com/jogamp/common/os/DynamicLibraryBundle$1
instanceKlass com/jogamp/common/util/RunnableExecutor$CurrentThreadExecutor
instanceKlass com/jogamp/common/util/RunnableExecutor
instanceKlass jogamp/opengl/GLDynamicLibraryBundleInfo
instanceKlass com/jogamp/common/os/DynamicLibraryBundleInfo
instanceKlass jogamp/opengl/windows/wgl/WindowsWGLDrawableFactory$1
instanceKlass jogamp/opengl/windows/wgl/WindowsWGLDrawableFactory$NopCPUAffinity
instanceKlass com/jogamp/common/os/DynamicLibraryBundle
instanceKlass jogamp/opengl/SharedResourceRunner$Implementation
instanceKlass jogamp/opengl/windows/wgl/WindowsWGLDrawableFactory$CPUAffinity
instanceKlass jogamp/opengl/SharedResourceRunner$Resource
instanceKlass jogamp/opengl/GLDrawableImpl
instanceKlass com/jogamp/nativewindow/ProxySurface
instanceKlass com/jogamp/nativewindow/MutableSurface
instanceKlass com/jogamp/opengl/GLOffscreenAutoDrawable
instanceKlass com/jogamp/nativewindow/UpstreamSurfaceHook
instanceKlass com/jogamp/opengl/GLFBODrawable
instanceKlass com/jogamp/opengl/GLDrawableFactory$1
instanceKlass com/jogamp/opengl/GLDrawableFactory
instanceKlass com/mathworks/hg/util/DeferToIdleState
instanceKlass jogamp/opengl/es3/GLES3Impl
instanceKlass com/jogamp/opengl/GLES3
instanceKlass com/jogamp/opengl/GLES2
instanceKlass jogamp/opengl/es1/GLES1Impl
instanceKlass com/jogamp/opengl/GLES1
instanceKlass com/jogamp/gluegen/runtime/ProcAddressTable
instanceKlass jogamp/opengl/GLBufferObjectTracker