c:\users\carolina\desktop\internship\software\projectcpp\sas\release\vc142.pdb
c:\users\carolina\desktop\internship\software\projectcpp\sas\release\saslib.obj
c:\users\carolina\desktop\internship\software\projectcpp\sas\release\sas.obj
c:\users\carolina\desktop\internship\software\projectcpp\sas\release\state.obj
c:\users\carolina\desktop\internship\software\projectcpp\sas\release\rbj.obj
c:\users\carolina\desktop\internship\software\projectcpp\sas\release\polefilter.obj
c:\users\carolina\desktop\internship\software\projectcpp\sas\release\custom.obj
c:\users\carolina\desktop\internship\software\projectcpp\sas\release\chebyshevii.obj
c:\users\carolina\desktop\internship\software\projectcpp\sas\release\chebyshevi.obj
c:\users\carolina\desktop\internship\software\projectcpp\sas\release\cascade.obj
c:\users\carolina\desktop\internship\software\projectcpp\sas\release\butterworth.obj
c:\users\carolina\desktop\internship\software\projectcpp\sas\release\biquad.obj
c:\users\carolina\desktop\internship\software\projectcpp\sas\release\sas.exe
c:\users\carolina\desktop\internship\software\projectcpp\sas\release\sas.pdb
c:\users\carolina\desktop\internship\software\projectcpp\sas\release\sas.lib
c:\users\carolina\desktop\internship\software\projectcpp\sas\release\sas.exp
c:\users\carolina\desktop\internship\software\projectcpp\sas\release\sas.ipdb
c:\users\carolina\desktop\internship\software\projectcpp\sas\release\sas.iobj
c:\users\carolina\desktop\internship\software\projectcpp\sas\release\sas.tlog\cl.command.1.tlog
c:\users\carolina\desktop\internship\software\projectcpp\sas\release\sas.tlog\cl.read.1.tlog
c:\users\carolina\desktop\internship\software\projectcpp\sas\release\sas.tlog\cl.write.1.tlog
c:\users\carolina\desktop\internship\software\projectcpp\sas\release\sas.tlog\link.command.1.tlog
c:\users\carolina\desktop\internship\software\projectcpp\sas\release\sas.tlog\link.read.1.tlog
c:\users\carolina\desktop\internship\software\projectcpp\sas\release\sas.tlog\link.write.1.tlog
c:\users\carolina\desktop\internship\software\projectcpp\sas\release\sas.tlog\sas.write.1u.tlog
