d:\onedrive - aalborg universitet\github\projectcpp\sas_v3_0\x64\debug\vc142.pdb
d:\onedrive - aalborg universitet\github\projectcpp\sas_v3_0\x64\debug\.netframework,version=v4.7.2.assemblyattributes.obj
d:\onedrive - aalborg universitet\github\projectcpp\sas_v3_0\x64\debug\state.obj
d:\onedrive - aalborg universitet\github\projectcpp\sas_v3_0\x64\debug\rbj.obj
d:\onedrive - aalborg universitet\github\projectcpp\sas_v3_0\x64\debug\polefilter.obj
d:\onedrive - aalborg universitet\github\projectcpp\sas_v3_0\x64\debug\custom.obj
d:\onedrive - aalborg universitet\github\projectcpp\sas_v3_0\x64\debug\chebyshevii.obj
d:\onedrive - aalborg universitet\github\projectcpp\sas_v3_0\x64\debug\chebyshevi.obj
d:\onedrive - aalborg universitet\github\projectcpp\sas_v3_0\x64\debug\cascade.obj
d:\onedrive - aalborg universitet\github\projectcpp\sas_v3_0\x64\debug\butterworth.obj
d:\onedrive - aalborg universitet\github\projectcpp\sas_v3_0\x64\debug\biquad.obj
d:\onedrive - aalborg universitet\github\projectcpp\sas_v3_0\x64\debug\main.obj
d:\onedrive - aalborg universitet\github\projectcpp\sas_v3_0\x64\debug\sas_v3_0.exe
d:\onedrive - aalborg universitet\github\projectcpp\sas_v3_0\x64\debug\sas_v3_0.pdb
d:\onedrive - aalborg universitet\github\projectcpp\sas_v3_0\x64\debug\sasv30.saslibgui.resources
d:\onedrive - aalborg universitet\github\projectcpp\sas_v3_0\x64\debug\sas_v3_0.lib
d:\onedrive - aalborg universitet\github\projectcpp\sas_v3_0\x64\debug\sas_v3_0.exp
d:\onedrive - aalborg universitet\github\projectcpp\sas_v3_0\x64\debug\sas_v3_0.exe.metagen
d:\onedrive - aalborg universitet\github\projectcpp\sas_v3_0\x64\debug\sas_v3_0.tlog\cl.command.1.tlog
d:\onedrive - aalborg universitet\github\projectcpp\sas_v3_0\x64\debug\sas_v3_0.tlog\cl.read.1.tlog
d:\onedrive - aalborg universitet\github\projectcpp\sas_v3_0\x64\debug\sas_v3_0.tlog\cl.write.1.tlog
d:\onedrive - aalborg universitet\github\projectcpp\sas_v3_0\x64\debug\sas_v3_0.tlog\link.command.1.tlog
d:\onedrive - aalborg universitet\github\projectcpp\sas_v3_0\x64\debug\sas_v3_0.tlog\link.read.1.tlog
d:\onedrive - aalborg universitet\github\projectcpp\sas_v3_0\x64\debug\sas_v3_0.tlog\link.write.1.tlog
d:\onedrive - aalborg universitet\github\projectcpp\sas_v3_0\x64\debug\sas_v3_0.tlog\metagen.read.1.tlog
d:\onedrive - aalborg universitet\github\projectcpp\sas_v3_0\x64\debug\sas_v3_0.tlog\metagen.write.1.tlog
d:\onedrive - aalborg universitet\github\projectcpp\sas_v3_0\x64\debug\sas_v3_0.tlog\sas_v3_0.write.1u.tlog
