  main.cpp
D:\OneDrive - Aalborg Universitet\GitHub\ProjectCPP\SAS_v3_0\SASLIBgui.h(946,3): warning C4996: 'itoa': The POSIX name for this item is deprecated. Instead, use the ISO C and C++ conformant name: _itoa. See online help for details.
D:\OneDrive - Aalborg Universitet\GitHub\ProjectCPP\SAS_v3_0\SASLIBgui.h(967,3): warning C4996: 'itoa': The POSIX name for this item is deprecated. Instead, use the ISO C and C++ conformant name: _itoa. See online help for details.
D:\OneDrive - Aalborg Universitet\GitHub\ProjectCPP\SAS_v3_0\SASLIBgui.h(1028,8): warning C4101: 'intStr': unreferenced local variable
D:\OneDrive - Aalborg Universitet\GitHub\ProjectCPP\SAS_v3_0\SASLIBcom.hpp(76,2): warning C4091: 'typedef ': ignored on left of 'tcp_msg_struct' when no variable is declared
D:\OneDrive - Aalborg Universitet\GitHub\ProjectCPP\SAS_v3_0\SASLIBcom.hpp(81,62): warning C4267: 'initializing': conversion from 'size_t' to 'int', possible loss of data
D:\OneDrive - Aalborg Universitet\GitHub\ProjectCPP\SAS_v3_0\SASLIBcom.hpp(134,62): warning C4267: 'initializing': conversion from 'size_t' to 'int', possible loss of data
D:\OneDrive - Aalborg Universitet\GitHub\ProjectCPP\SAS_v3_0\SASLIBcom.hpp(177,33): warning C4267: 'initializing': conversion from 'size_t' to 'int', possible loss of data
D:\OneDrive - Aalborg Universitet\GitHub\ProjectCPP\SAS_v3_0\SASLIBcom.hpp(495,2): warning C4091: 'typedef ': ignored on left of 'UdpClient' when no variable is declared
D:\OneDrive - Aalborg Universitet\GitHub\ProjectCPP\SAS_v3_0\SASLIBcom.hpp(286,20): warning C4244: '=': conversion from 'SOCKET' to 'int', possible loss of data
D:\OneDrive - Aalborg Universitet\GitHub\ProjectCPP\SAS_v3_0\SASLIBcom.hpp(317,1): warning C4267: 'argument': conversion from 'size_t' to 'int', possible loss of data
D:\OneDrive - Aalborg Universitet\GitHub\ProjectCPP\SAS_v3_0\SASLIBcom.hpp(280,9): warning C4996: 'itoa': The POSIX name for this item is deprecated. Instead, use the ISO C and C++ conformant name: _itoa. See online help for details.
D:\OneDrive - Aalborg Universitet\GitHub\ProjectCPP\SAS_v3_0\SASLIBcom.hpp(290,11): warning C4996: 'itoa': The POSIX name for this item is deprecated. Instead, use the ISO C and C++ conformant name: _itoa. See online help for details.
D:\OneDrive - Aalborg Universitet\GitHub\ProjectCPP\SAS_v3_0\SASLIBcom.hpp(312,9): warning C4996: 'itoa': The POSIX name for this item is deprecated. Instead, use the ISO C and C++ conformant name: _itoa. See online help for details.
D:\OneDrive - Aalborg Universitet\GitHub\ProjectCPP\SAS_v3_0\SASLIBcom.hpp(332,1): warning C4267: 'argument': conversion from 'size_t' to 'int', possible loss of data
D:\OneDrive - Aalborg Universitet\GitHub\ProjectCPP\SAS_v3_0\SASLIBcom.hpp(336,11): warning C4996: 'itoa': The POSIX name for this item is deprecated. Instead, use the ISO C and C++ conformant name: _itoa. See online help for details.
D:\OneDrive - Aalborg Universitet\GitHub\ProjectCPP\SAS_v3_0\SASLIBcom.hpp(388,13): warning C4996: 'itoa': The POSIX name for this item is deprecated. Instead, use the ISO C and C++ conformant name: _itoa. See online help for details.
D:\OneDrive - Aalborg Universitet\GitHub\ProjectCPP\SAS_v3_0\SASLIBcom.hpp(391,13): warning C4996: 'itoa': The POSIX name for this item is deprecated. Instead, use the ISO C and C++ conformant name: _itoa. See online help for details.
D:\OneDrive - Aalborg Universitet\GitHub\ProjectCPP\SAS_v3_0\SASLIBcom.hpp(428,1): warning C4267: 'argument': conversion from 'size_t' to 'int', possible loss of data
D:\OneDrive - Aalborg Universitet\GitHub\ProjectCPP\SAS_v3_0\SASLIBcom.hpp(432,15): warning C4996: 'itoa': The POSIX name for this item is deprecated. Instead, use the ISO C and C++ conformant name: _itoa. See online help for details.
D:\OneDrive - Aalborg Universitet\GitHub\ProjectCPP\SAS_v3_0\SASLIBcom.hpp(538,9): warning C4996: 'itoa': The POSIX name for this item is deprecated. Instead, use the ISO C and C++ conformant name: _itoa. See online help for details.
D:\OneDrive - Aalborg Universitet\GitHub\ProjectCPP\SAS_v3_0\SASLIBcom.hpp(548,9): warning C4996: 'itoa': The POSIX name for this item is deprecated. Instead, use the ISO C and C++ conformant name: _itoa. See online help for details.
D:\OneDrive - Aalborg Universitet\GitHub\ProjectCPP\SAS_v3_0\SASLIBcom.hpp(565,5): warning C4996: 'itoa': The POSIX name for this item is deprecated. Instead, use the ISO C and C++ conformant name: _itoa. See online help for details.
D:\OneDrive - Aalborg Universitet\GitHub\ProjectCPP\SAS_v3_0\SASLIBcom.hpp(571,9): warning C4996: 'itoa': The POSIX name for this item is deprecated. Instead, use the ISO C and C++ conformant name: _itoa. See online help for details.
D:\OneDrive - Aalborg Universitet\GitHub\ProjectCPP\SAS_v3_0\SASLIBcom.hpp(599,15): warning C4996: 'itoa': The POSIX name for this item is deprecated. Instead, use the ISO C and C++ conformant name: _itoa. See online help for details.
D:\OneDrive - Aalborg Universitet\GitHub\ProjectCPP\SAS_v3_0\SASLIBcom.hpp(666,11): warning C4996: 'itoa': The POSIX name for this item is deprecated. Instead, use the ISO C and C++ conformant name: _itoa. See online help for details.
D:\OneDrive - Aalborg Universitet\GitHub\ProjectCPP\SAS_v3_0\SASLIBcom.hpp(860,2): warning C4091: 'typedef ': ignored on left of 'TcpClient' when no variable is declared
D:\OneDrive - Aalborg Universitet\GitHub\ProjectCPP\SAS_v3_0\SASLIBcom.hpp(719,9): warning C4996: 'itoa': The POSIX name for this item is deprecated. Instead, use the ISO C and C++ conformant name: _itoa. See online help for details.
D:\OneDrive - Aalborg Universitet\GitHub\ProjectCPP\SAS_v3_0\SASLIBcom.hpp(727,9): warning C4996: 'itoa': The POSIX name for this item is deprecated. Instead, use the ISO C and C++ conformant name: _itoa. See online help for details.
D:\OneDrive - Aalborg Universitet\GitHub\ProjectCPP\SAS_v3_0\SASLIBcom.hpp(742,9): warning C4996: 'itoa': The POSIX name for this item is deprecated. Instead, use the ISO C and C++ conformant name: _itoa. See online help for details.
D:\OneDrive - Aalborg Universitet\GitHub\ProjectCPP\SAS_v3_0\SASLIBcom.hpp(756,7): warning C4996: 'itoa': The POSIX name for this item is deprecated. Instead, use the ISO C and C++ conformant name: _itoa. See online help for details.
D:\OneDrive - Aalborg Universitet\GitHub\ProjectCPP\SAS_v3_0\SASLIBcom.hpp(790,16): warning C4244: 'argument': conversion from 'SOCKET' to 'int', possible loss of data
D:\OneDrive - Aalborg Universitet\GitHub\ProjectCPP\SAS_v3_0\SASLIBcom.hpp(778,7): warning C4996: 'itoa': The POSIX name for this item is deprecated. Instead, use the ISO C and C++ conformant name: _itoa. See online help for details.
D:\OneDrive - Aalborg Universitet\GitHub\ProjectCPP\SAS_v3_0\SASLIBcom.hpp(815,11): warning C4996: 'itoa': The POSIX name for this item is deprecated. Instead, use the ISO C and C++ conformant name: _itoa. See online help for details.
D:\OneDrive - Aalborg Universitet\GitHub\ProjectCPP\SAS_v3_0\SASLIBcom.hpp(830,9): warning C4996: 'itoa': The POSIX name for this item is deprecated. Instead, use the ISO C and C++ conformant name: _itoa. See online help for details.
D:\OneDrive - Aalborg Universitet\GitHub\ProjectCPP\SAS_v3_0\SASLIBcom.hpp(840,9): warning C4996: 'itoa': The POSIX name for this item is deprecated. Instead, use the ISO C and C++ conformant name: _itoa. See online help for details.
D:\OneDrive - Aalborg Universitet\GitHub\ProjectCPP\SAS_v3_0\SASLIBfilt.hpp(80,62): warning C4244: 'initializing': conversion from 'double' to 'unsigned __int64', possible loss of data
D:\OneDrive - Aalborg Universitet\GitHub\ProjectCPP\SAS_v3_0\SASLIBfilt.hpp(144,39): warning C4244: '=': conversion from 'unsigned __int64' to 'double', possible loss of data
D:\OneDrive - Aalborg Universitet\GitHub\ProjectCPP\SAS_v3_0\SASLIBfilt.hpp(217,24): warning C4244: '=': conversion from 'unsigned __int64' to 'double', possible loss of data
D:\OneDrive - Aalborg Universitet\GitHub\ProjectCPP\SAS_v3_0\SASLIBfilt.hpp(245,34): warning C4244: 'initializing': conversion from 'double' to 'unsigned __int64', possible loss of data
D:\OneDrive - Aalborg Universitet\GitHub\ProjectCPP\SAS_v3_0\SASLIBfilt.hpp(247,14): warning C4244: '=': conversion from 'double' to 'unsigned __int64', possible loss of data
D:\OneDrive - Aalborg Universitet\GitHub\ProjectCPP\SAS_v3_0\SASLIBfilt.hpp(267,34): warning C4244: 'initializing': conversion from 'double' to 'unsigned __int64', possible loss of data
D:\OneDrive - Aalborg Universitet\GitHub\ProjectCPP\SAS_v3_0\SASLIBfilt.hpp(269,14): warning C4244: '=': conversion from 'double' to 'unsigned __int64', possible loss of data
D:\OneDrive - Aalborg Universitet\GitHub\ProjectCPP\SAS_v3_0\SASLIBfilt.hpp(328,24): warning C4244: '=': conversion from 'unsigned __int64' to 'double', possible loss of data
D:\OneDrive - Aalborg Universitet\GitHub\ProjectCPP\SAS_v3_0\main.cpp(205,53): warning C4244: '=': conversion from 'double' to 'float', possible loss of data
D:\OneDrive - Aalborg Universitet\GitHub\ProjectCPP\SAS_v3_0\main.cpp(266,49): warning C4474: 'sprintf' : too many arguments passed for format string
D:\OneDrive - Aalborg Universitet\GitHub\ProjectCPP\SAS_v3_0\main.cpp(266,49): message : placeholders and their parameters expect 0 variadic arguments, but 1 were provided
D:\OneDrive - Aalborg Universitet\GitHub\ProjectCPP\SAS_v3_0\main.cpp(294,10): warning C4101: 'itoaNr': unreferenced local variable
D:\OneDrive - Aalborg Universitet\GitHub\ProjectCPP\SAS_v3_0\main.cpp(292,27): warning C4101: 'setMsg': unreferenced local variable
D:\OneDrive - Aalborg Universitet\GitHub\ProjectCPP\SAS_v3_0\main.cpp(292,10): warning C4101: 'stimMsg': unreferenced local variable
D:\OneDrive - Aalborg Universitet\GitHub\ProjectCPP\SAS_v3_0\main.cpp(292,59): warning C4101: 'guiMsg': unreferenced local variable
D:\OneDrive - Aalborg Universitet\GitHub\ProjectCPP\SAS_v3_0\main.cpp(292,43): warning C4101: 'disMsg': unreferenced local variable
D:\OneDrive - Aalborg Universitet\GitHub\ProjectCPP\SAS_v3_0\main.cpp(820,36): warning C4244: '=': conversion from 'double' to 'float', possible loss of data
D:\OneDrive - Aalborg Universitet\GitHub\ProjectCPP\SAS_v3_0\main.cpp(824,36): warning C4244: '=': conversion from 'double' to 'float', possible loss of data
D:\OneDrive - Aalborg Universitet\GitHub\ProjectCPP\SAS_v3_0\main.cpp(854,36): warning C4244: '=': conversion from 'double' to 'float', possible loss of data
D:\OneDrive - Aalborg Universitet\GitHub\ProjectCPP\SAS_v3_0\main.cpp(859,36): warning C4244: '=': conversion from 'double' to 'float', possible loss of data
D:\OneDrive - Aalborg Universitet\GitHub\ProjectCPP\SAS_v3_0\main.cpp(1259,56): warning C4244: 'initializing': conversion from 'double' to 'unsigned __int64', possible loss of data
  Biquad.obj : MSIL module encountered; incremental linking is disabled for MSIL; performing full link
     Creating library D:\OneDrive - Aalborg Universitet\GitHub\ProjectCPP\SAS_v3_0\x64\Release\SAS_v3_0.lib and object D:\OneDrive - Aalborg Universitet\GitHub\ProjectCPP\SAS_v3_0\x64\Release\SAS_v3_0.exp
  SAS_v3_0.vcxproj -> D:\OneDrive - Aalborg Universitet\GitHub\ProjectCPP\SAS_v3_0\x64\Release\SAS_v3_0.exe
