c:\users\carolina\desktop\net_shared\projectcpp\sasapp\x64\release\vc142.pdb
c:\users\carolina\desktop\net_shared\projectcpp\sasapp\x64\release\sasapp.obj
c:\users\carolina\desktop\net_shared\projectcpp\sasapp\x64\release\state.obj
c:\users\carolina\desktop\net_shared\projectcpp\sasapp\x64\release\rbj.obj
c:\users\carolina\desktop\net_shared\projectcpp\sasapp\x64\release\polefilter.obj
c:\users\carolina\desktop\net_shared\projectcpp\sasapp\x64\release\custom.obj
c:\users\carolina\desktop\net_shared\projectcpp\sasapp\x64\release\chebyshevii.obj
c:\users\carolina\desktop\net_shared\projectcpp\sasapp\x64\release\chebyshevi.obj
c:\users\carolina\desktop\net_shared\projectcpp\sasapp\x64\release\cascade.obj
c:\users\carolina\desktop\net_shared\projectcpp\sasapp\x64\release\butterworth.obj
c:\users\carolina\desktop\net_shared\projectcpp\sasapp\x64\release\biquad.obj
c:\users\carolina\desktop\net_shared\projectcpp\sasapp\x64\release\sasapp.exe
c:\users\carolina\desktop\net_shared\projectcpp\sasapp\x64\release\sasapp.pdb
c:\users\carolina\desktop\net_shared\projectcpp\sasapp\x64\release\sasapp.lib
c:\users\carolina\desktop\net_shared\projectcpp\sasapp\x64\release\sasapp.exp
c:\users\carolina\desktop\net_shared\projectcpp\sasapp\x64\release\sasapp.ipdb
c:\users\carolina\desktop\net_shared\projectcpp\sasapp\x64\release\sasapp.iobj
c:\users\carolina\desktop\net_shared\projectcpp\sasapp\x64\release\sasapp.tlog\cl.command.1.tlog
c:\users\carolina\desktop\net_shared\projectcpp\sasapp\x64\release\sasapp.tlog\cl.read.1.tlog
c:\users\carolina\desktop\net_shared\projectcpp\sasapp\x64\release\sasapp.tlog\cl.write.1.tlog
c:\users\carolina\desktop\net_shared\projectcpp\sasapp\x64\release\sasapp.tlog\link.command.1.tlog
c:\users\carolina\desktop\net_shared\projectcpp\sasapp\x64\release\sasapp.tlog\link.read.1.tlog
c:\users\carolina\desktop\net_shared\projectcpp\sasapp\x64\release\sasapp.tlog\link.write.1.tlog
c:\users\carolina\desktop\net_shared\projectcpp\sasapp\x64\release\sasapp.tlog\sasapp.write.1u.tlog
