c:\users\carolina\desktop\internship\software\projectcpp\moveingest\debug\vc142.pdb
c:\users\carolina\desktop\internship\software\projectcpp\moveingest\debug\vc142.idb
c:\users\carolina\desktop\internship\software\projectcpp\moveingest\debug\sas.obj
c:\users\carolina\desktop\internship\software\projectcpp\moveingest\debug\notch50.obj
c:\users\carolina\desktop\internship\software\projectcpp\moveingest\debug\notch100.obj
c:\users\carolina\desktop\internship\software\projectcpp\moveingest\debug\moveingest.obj
c:\users\carolina\desktop\internship\software\projectcpp\moveingest\debug\bandstop.obj
c:\users\carolina\desktop\internship\software\projectcpp\moveingest\debug\state.obj
c:\users\carolina\desktop\internship\software\projectcpp\moveingest\debug\rbj.obj
c:\users\carolina\desktop\internship\software\projectcpp\moveingest\debug\polefilter.obj
c:\users\carolina\desktop\internship\software\projectcpp\moveingest\debug\custom.obj
c:\users\carolina\desktop\internship\software\projectcpp\moveingest\debug\chebyshevii.obj
c:\users\carolina\desktop\internship\software\projectcpp\moveingest\debug\chebyshevi.obj
c:\users\carolina\desktop\internship\software\projectcpp\moveingest\debug\cascade.obj
c:\users\carolina\desktop\internship\software\projectcpp\moveingest\debug\butterworth.obj
c:\users\carolina\desktop\internship\software\projectcpp\moveingest\debug\biquad.obj
c:\users\carolina\desktop\internship\software\projectcpp\moveingest\debug\moveingest.ilk
c:\users\carolina\desktop\internship\software\projectcpp\moveingest\debug\moveingest.exe
c:\users\carolina\desktop\internship\software\projectcpp\moveingest\debug\moveingest.pdb
c:\users\carolina\desktop\internship\software\projectcpp\moveingest\debug\moveingest.lib
c:\users\carolina\desktop\internship\software\projectcpp\moveingest\debug\moveingest.exp
c:\users\carolina\desktop\internship\software\projectcpp\moveingest\debug\moveingest.tlog\cl.command.1.tlog
c:\users\carolina\desktop\internship\software\projectcpp\moveingest\debug\moveingest.tlog\cl.read.1.tlog
c:\users\carolina\desktop\internship\software\projectcpp\moveingest\debug\moveingest.tlog\cl.write.1.tlog
c:\users\carolina\desktop\internship\software\projectcpp\moveingest\debug\moveingest.tlog\link.command.1.tlog
c:\users\carolina\desktop\internship\software\projectcpp\moveingest\debug\moveingest.tlog\link.read.1.tlog
c:\users\carolina\desktop\internship\software\projectcpp\moveingest\debug\moveingest.tlog\link.write.1.tlog
c:\users\carolina\desktop\internship\software\projectcpp\moveingest\debug\moveingest.tlog\moveingest.write.1u.tlog
