  Biquad.cpp
C:\Users\Carolina\Desktop\Internship\Software\Hasomed_examples\sciencemode_stim_trigger\sciencemode_stim_trigger\filter\iir\Common.h(50,1): warning C4005: '_CRT_SECURE_NO_WARNINGS': macro redefinition
C:\Users\Carolina\Desktop\Internship\Software\Hasomed_examples\sciencemode_stim_trigger\sciencemode_stim_trigger\filter\iir\Biquad.cpp : message : see previous definition of '_CRT_SECURE_NO_WARNINGS'
  Butterworth.cpp
C:\Users\Carolina\Desktop\Internship\Software\Hasomed_examples\sciencemode_stim_trigger\sciencemode_stim_trigger\filter\iir\Common.h(50,1): warning C4005: '_CRT_SECURE_NO_WARNINGS': macro redefinition
C:\Users\Carolina\Desktop\Internship\Software\Hasomed_examples\sciencemode_stim_trigger\sciencemode_stim_trigger\filter\iir\Butterworth.cpp : message : see previous definition of '_CRT_SECURE_NO_WARNINGS'
  Cascade.cpp
C:\Users\Carolina\Desktop\Internship\Software\Hasomed_examples\sciencemode_stim_trigger\sciencemode_stim_trigger\filter\iir\Common.h(50,1): warning C4005: '_CRT_SECURE_NO_WARNINGS': macro redefinition
C:\Users\Carolina\Desktop\Internship\Software\Hasomed_examples\sciencemode_stim_trigger\sciencemode_stim_trigger\filter\iir\Cascade.cpp : message : see previous definition of '_CRT_SECURE_NO_WARNINGS'
  ChebyshevI.cpp
C:\Users\Carolina\Desktop\Internship\Software\Hasomed_examples\sciencemode_stim_trigger\sciencemode_stim_trigger\filter\iir\Common.h(50,1): warning C4005: '_CRT_SECURE_NO_WARNINGS': macro redefinition
C:\Users\Carolina\Desktop\Internship\Software\Hasomed_examples\sciencemode_stim_trigger\sciencemode_stim_trigger\filter\iir\ChebyshevI.cpp : message : see previous definition of '_CRT_SECURE_NO_WARNINGS'
  ChebyshevII.cpp
C:\Users\Carolina\Desktop\Internship\Software\Hasomed_examples\sciencemode_stim_trigger\sciencemode_stim_trigger\filter\iir\Common.h(50,1): warning C4005: '_CRT_SECURE_NO_WARNINGS': macro redefinition
C:\Users\Carolina\Desktop\Internship\Software\Hasomed_examples\sciencemode_stim_trigger\sciencemode_stim_trigger\filter\iir\ChebyshevII.cpp : message : see previous definition of '_CRT_SECURE_NO_WARNINGS'
  Custom.cpp
C:\Users\Carolina\Desktop\Internship\Software\Hasomed_examples\sciencemode_stim_trigger\sciencemode_stim_trigger\filter\iir\Common.h(50,1): warning C4005: '_CRT_SECURE_NO_WARNINGS': macro redefinition
C:\Users\Carolina\Desktop\Internship\Software\Hasomed_examples\sciencemode_stim_trigger\sciencemode_stim_trigger\filter\iir\Custom.cpp : message : see previous definition of '_CRT_SECURE_NO_WARNINGS'
  PoleFilter.cpp
C:\Users\Carolina\Desktop\Internship\Software\Hasomed_examples\sciencemode_stim_trigger\sciencemode_stim_trigger\filter\iir\Common.h(50,1): warning C4005: '_CRT_SECURE_NO_WARNINGS': macro redefinition
C:\Users\Carolina\Desktop\Internship\Software\Hasomed_examples\sciencemode_stim_trigger\sciencemode_stim_trigger\filter\iir\PoleFilter.cpp : message : see previous definition of '_CRT_SECURE_NO_WARNINGS'
  RBJ.cpp
C:\Users\Carolina\Desktop\Internship\Software\Hasomed_examples\sciencemode_stim_trigger\sciencemode_stim_trigger\filter\iir\Common.h(50,1): warning C4005: '_CRT_SECURE_NO_WARNINGS': macro redefinition
C:\Users\Carolina\Desktop\Internship\Software\Hasomed_examples\sciencemode_stim_trigger\sciencemode_stim_trigger\filter\iir\RBJ.cpp : message : see previous definition of '_CRT_SECURE_NO_WARNINGS'
  State.cpp
C:\Users\Carolina\Desktop\Internship\Software\Hasomed_examples\sciencemode_stim_trigger\sciencemode_stim_trigger\filter\iir\Common.h(50,1): warning C4005: '_CRT_SECURE_NO_WARNINGS': macro redefinition
C:\Users\Carolina\Desktop\Internship\Software\Hasomed_examples\sciencemode_stim_trigger\sciencemode_stim_trigger\filter\iir\State.cpp : message : see previous definition of '_CRT_SECURE_NO_WARNINGS'
  bandStop.cpp
C:\Users\Carolina\Desktop\Internship\Software\ProjectCPP\MoveIngest\bandStop.cpp(27,1): warning C4305: 'initializing': truncation from 'double' to 'float'
  MoveIngest.cpp
C:\Users\Carolina\Desktop\Internship\Software\ProjectCPP\MoveIngest\MoveIngest.cpp(474,29): warning C4018: '<': signed/unsigned mismatch
C:\Users\Carolina\Desktop\Internship\Software\ProjectCPP\MoveIngest\MoveIngest.cpp(519,41): warning C4244: '=': conversion from 'double' to 'float', possible loss of data
C:\Users\Carolina\Desktop\Internship\Software\ProjectCPP\MoveIngest\MoveIngest.cpp(522,40): warning C4244: '=': conversion from 'double' to 'float', possible loss of data
  notch100.cpp
C:\Users\Carolina\Desktop\Internship\Software\ProjectCPP\MoveIngest\notch100.cpp(27,1): warning C4305: 'initializing': truncation from 'double' to 'float'
  notch50.cpp
C:\Users\Carolina\Desktop\Internship\Software\ProjectCPP\MoveIngest\notch50.cpp(27,1): warning C4305: 'initializing': truncation from 'double' to 'float'
  SAS.cpp
  Generating Code...
     Creating library C:\Users\Carolina\Desktop\Internship\Software\ProjectCPP\MoveIngest\Debug\MoveIngest.lib and object C:\Users\Carolina\Desktop\Internship\Software\ProjectCPP\MoveIngest\Debug\MoveIngest.exp
LINK : warning LNK4098: defaultlib 'MSVCRT' conflicts with use of other libs; use /NODEFAULTLIB:library
  MoveIngest.vcxproj -> C:\Users\Carolina\Desktop\Internship\Software\ProjectCPP\MoveIngest\Debug\MoveIngest.exe
