c:\users\carolina\desktop\internship\software\projectcpp\moveingest\release\vc142.pdb
c:\users\carolina\desktop\internship\software\projectcpp\moveingest\release\saslib.obj
c:\users\carolina\desktop\internship\software\projectcpp\moveingest\release\notch50.obj
c:\users\carolina\desktop\internship\software\projectcpp\moveingest\release\notch100.obj
c:\users\carolina\desktop\internship\software\projectcpp\moveingest\release\moveingest.obj
c:\users\carolina\desktop\internship\software\projectcpp\moveingest\release\bandstop.obj
c:\users\carolina\desktop\internship\software\projectcpp\moveingest\release\state.obj
c:\users\carolina\desktop\internship\software\projectcpp\moveingest\release\rbj.obj
c:\users\carolina\desktop\internship\software\projectcpp\moveingest\release\polefilter.obj
c:\users\carolina\desktop\internship\software\projectcpp\moveingest\release\custom.obj
c:\users\carolina\desktop\internship\software\projectcpp\moveingest\release\chebyshevii.obj
c:\users\carolina\desktop\internship\software\projectcpp\moveingest\release\chebyshevi.obj
c:\users\carolina\desktop\internship\software\projectcpp\moveingest\release\cascade.obj
c:\users\carolina\desktop\internship\software\projectcpp\moveingest\release\butterworth.obj
c:\users\carolina\desktop\internship\software\projectcpp\moveingest\release\biquad.obj
c:\users\carolina\desktop\internship\software\projectcpp\moveingest\release\moveingest.exe
c:\users\carolina\desktop\internship\software\projectcpp\moveingest\release\moveingest.pdb
c:\users\carolina\desktop\internship\software\projectcpp\moveingest\release\moveingest.ipdb
c:\users\carolina\desktop\internship\software\projectcpp\moveingest\release\moveingest.iobj
c:\users\carolina\desktop\internship\software\projectcpp\moveingest\release\moveingest.lib
c:\users\carolina\desktop\internship\software\projectcpp\moveingest\release\moveingest.exp
c:\users\carolina\desktop\internship\software\projectcpp\moveingest\release\moveingest.tlog\cl.command.1.tlog
c:\users\carolina\desktop\internship\software\projectcpp\moveingest\release\moveingest.tlog\cl.read.1.tlog
c:\users\carolina\desktop\internship\software\projectcpp\moveingest\release\moveingest.tlog\cl.write.1.tlog
c:\users\carolina\desktop\internship\software\projectcpp\moveingest\release\moveingest.tlog\link.command.1.tlog
c:\users\carolina\desktop\internship\software\projectcpp\moveingest\release\moveingest.tlog\link.read.1.tlog
c:\users\carolina\desktop\internship\software\projectcpp\moveingest\release\moveingest.tlog\link.write.1.tlog
c:\users\carolina\desktop\internship\software\projectcpp\moveingest\release\moveingest.tlog\moveingest.write.1u.tlog
