  Biquad.cpp
  Butterworth.cpp
  Cascade.cpp
  ChebyshevI.cpp
  ChebyshevII.cpp
  Custom.cpp
  PoleFilter.cpp
  RBJ.cpp
  State.cpp
  SASApp.cpp
D:\OneDrive - Aalborg Universitet\GitHub\ProjectCPP\SASApp\SASLIBcom.hpp(36,60): warning C4267: 'initializing': conversion from 'size_t' to 'int', possible loss of data
D:\OneDrive - Aalborg Universitet\GitHub\ProjectCPP\SASApp\SASLIBcom.hpp(75,58): warning C4267: 'initializing': conversion from 'size_t' to 'int', possible loss of data
D:\OneDrive - Aalborg Universitet\GitHub\ProjectCPP\SASApp\SASLIBcom.hpp(306,2): warning C4091: 'typedef ': ignored on left of 'UdpClient' when no variable is declared
D:\OneDrive - Aalborg Universitet\GitHub\ProjectCPP\SASApp\SASLIBcom.hpp(206,20): warning C4244: '=': conversion from 'SOCKET' to 'int', possible loss of data
D:\OneDrive - Aalborg Universitet\GitHub\ProjectCPP\SASApp\SASLIBcom.hpp(231,1): warning C4267: 'argument': conversion from 'size_t' to 'int', possible loss of data
D:\OneDrive - Aalborg Universitet\GitHub\ProjectCPP\SASApp\SASLIBcom.hpp(245,1): warning C4267: 'argument': conversion from 'size_t' to 'int', possible loss of data
D:\OneDrive - Aalborg Universitet\GitHub\ProjectCPP\SASApp\SASLIBcom.hpp(623,2): warning C4091: 'typedef ': ignored on left of 'TcpClient' when no variable is declared
D:\OneDrive - Aalborg Universitet\GitHub\ProjectCPP\SASApp\SASLIBcom.hpp(560,16): warning C4244: 'argument': conversion from 'SOCKET' to 'int', possible loss of data
D:\OneDrive - Aalborg Universitet\GitHub\ProjectCPP\SASApp\SASLIBcom.hpp(849,2): warning C4091: 'typedef ': ignored on left of 'TcpServer' when no variable is declared
D:\OneDrive - Aalborg Universitet\GitHub\ProjectCPP\SASApp\SASLIBfilt.hpp(124,11): warning C4244: '=': conversion from 'unsigned __int64' to 'int', possible loss of data
D:\OneDrive - Aalborg Universitet\GitHub\ProjectCPP\SASApp\SASLIBfilt.hpp(121,9): warning C4101: 'raw_sample': unreferenced local variable
D:\OneDrive - Aalborg Universitet\GitHub\ProjectCPP\SASApp\SASLIBfilt.hpp(152,11): warning C4244: '=': conversion from 'unsigned __int64' to 'int', possible loss of data
D:\OneDrive - Aalborg Universitet\GitHub\ProjectCPP\SASApp\SASLIBfilt.hpp(148,9): warning C4101: 'raw_sample': unreferenced local variable
D:\OneDrive - Aalborg Universitet\GitHub\ProjectCPP\SASApp\SASLIBfilt.hpp(176,36): warning C4244: '=': conversion from 'unsigned __int64' to 'double', possible loss of data
D:\OneDrive - Aalborg Universitet\GitHub\ProjectCPP\SASApp\SASLIBfilt.hpp(202,11): warning C4244: '=': conversion from 'unsigned __int64' to 'int', possible loss of data
D:\OneDrive - Aalborg Universitet\GitHub\ProjectCPP\SASApp\SASLIBfilt.hpp(199,9): warning C4101: 'raw_sample': unreferenced local variable
D:\OneDrive - Aalborg Universitet\GitHub\ProjectCPP\SASApp\SASLIBfilt.hpp(237,18): warning C4244: '=': conversion from 'unsigned __int64' to 'double', possible loss of data
D:\OneDrive - Aalborg Universitet\GitHub\ProjectCPP\SASApp\SASLIBfilt.hpp(282,18): warning C4244: '=': conversion from 'unsigned __int64' to 'double', possible loss of data
D:\OneDrive - Aalborg Universitet\GitHub\ProjectCPP\SASApp\SASApp.cpp(875,56): warning C4101: 'guiMsg': unreferenced local variable
D:\OneDrive - Aalborg Universitet\GitHub\ProjectCPP\SASApp\SASApp.cpp(1153,30): warning C4244: '=': conversion from 'double' to 'float', possible loss of data
D:\OneDrive - Aalborg Universitet\GitHub\ProjectCPP\SASApp\SASApp.cpp(1157,30): warning C4244: '=': conversion from 'double' to 'float', possible loss of data
D:\OneDrive - Aalborg Universitet\GitHub\ProjectCPP\SASApp\SASApp.cpp(1187,30): warning C4244: '=': conversion from 'double' to 'float', possible loss of data
D:\OneDrive - Aalborg Universitet\GitHub\ProjectCPP\SASApp\SASApp.cpp(1192,30): warning C4244: '=': conversion from 'double' to 'float', possible loss of data
D:\OneDrive - Aalborg Universitet\GitHub\ProjectCPP\SASApp\SASApp.cpp(1634,35): warning C4244: 'initializing': conversion from 'double' to 'unsigned __int64', possible loss of data
  Generating Code...
     Creating library D:\OneDrive - Aalborg Universitet\GitHub\ProjectCPP\SASApp\x64\Debug\SASApp.lib and object D:\OneDrive - Aalborg Universitet\GitHub\ProjectCPP\SASApp\x64\Debug\SASApp.exp
LINK : warning LNK4098: defaultlib 'MSVCRT' conflicts with use of other libs; use /NODEFAULTLIB:library
  SASApp.vcxproj -> D:\OneDrive - Aalborg Universitet\GitHub\ProjectCPP\SASApp\x64\Debug\SASApp.exe
