  Biquad.cpp
C:\Users\Carolina\Desktop\Internship\Software\Hasomed_examples\sciencemode_stim_trigger\sciencemode_stim_trigger\filter\iir\Common.h(50,1): warning C4005: '_CRT_SECURE_NO_WARNINGS': macro redefinition
C:\Users\Carolina\Desktop\Internship\Software\Hasomed_examples\sciencemode_stim_trigger\sciencemode_stim_trigger\filter\iir\Biquad.cpp : message : see previous definition of '_CRT_SECURE_NO_WARNINGS'
  Butterworth.cpp
C:\Users\Carolina\Desktop\Internship\Software\Hasomed_examples\sciencemode_stim_trigger\sciencemode_stim_trigger\filter\iir\Common.h(50,1): warning C4005: '_CRT_SECURE_NO_WARNINGS': macro redefinition
C:\Users\Carolina\Desktop\Internship\Software\Hasomed_examples\sciencemode_stim_trigger\sciencemode_stim_trigger\filter\iir\Butterworth.cpp : message : see previous definition of '_CRT_SECURE_NO_WARNINGS'
  Cascade.cpp
C:\Users\Carolina\Desktop\Internship\Software\Hasomed_examples\sciencemode_stim_trigger\sciencemode_stim_trigger\filter\iir\Common.h(50,1): warning C4005: '_CRT_SECURE_NO_WARNINGS': macro redefinition
C:\Users\Carolina\Desktop\Internship\Software\Hasomed_examples\sciencemode_stim_trigger\sciencemode_stim_trigger\filter\iir\Cascade.cpp : message : see previous definition of '_CRT_SECURE_NO_WARNINGS'
  ChebyshevI.cpp
C:\Users\Carolina\Desktop\Internship\Software\Hasomed_examples\sciencemode_stim_trigger\sciencemode_stim_trigger\filter\iir\Common.h(50,1): warning C4005: '_CRT_SECURE_NO_WARNINGS': macro redefinition
C:\Users\Carolina\Desktop\Internship\Software\Hasomed_examples\sciencemode_stim_trigger\sciencemode_stim_trigger\filter\iir\ChebyshevI.cpp : message : see previous definition of '_CRT_SECURE_NO_WARNINGS'
  ChebyshevII.cpp
C:\Users\Carolina\Desktop\Internship\Software\Hasomed_examples\sciencemode_stim_trigger\sciencemode_stim_trigger\filter\iir\Common.h(50,1): warning C4005: '_CRT_SECURE_NO_WARNINGS': macro redefinition
C:\Users\Carolina\Desktop\Internship\Software\Hasomed_examples\sciencemode_stim_trigger\sciencemode_stim_trigger\filter\iir\ChebyshevII.cpp : message : see previous definition of '_CRT_SECURE_NO_WARNINGS'
  Custom.cpp
C:\Users\Carolina\Desktop\Internship\Software\Hasomed_examples\sciencemode_stim_trigger\sciencemode_stim_trigger\filter\iir\Common.h(50,1): warning C4005: '_CRT_SECURE_NO_WARNINGS': macro redefinition
C:\Users\Carolina\Desktop\Internship\Software\Hasomed_examples\sciencemode_stim_trigger\sciencemode_stim_trigger\filter\iir\Custom.cpp : message : see previous definition of '_CRT_SECURE_NO_WARNINGS'
  PoleFilter.cpp
C:\Users\Carolina\Desktop\Internship\Software\Hasomed_examples\sciencemode_stim_trigger\sciencemode_stim_trigger\filter\iir\Common.h(50,1): warning C4005: '_CRT_SECURE_NO_WARNINGS': macro redefinition
C:\Users\Carolina\Desktop\Internship\Software\Hasomed_examples\sciencemode_stim_trigger\sciencemode_stim_trigger\filter\iir\PoleFilter.cpp : message : see previous definition of '_CRT_SECURE_NO_WARNINGS'
  RBJ.cpp
C:\Users\Carolina\Desktop\Internship\Software\Hasomed_examples\sciencemode_stim_trigger\sciencemode_stim_trigger\filter\iir\Common.h(50,1): warning C4005: '_CRT_SECURE_NO_WARNINGS': macro redefinition
C:\Users\Carolina\Desktop\Internship\Software\Hasomed_examples\sciencemode_stim_trigger\sciencemode_stim_trigger\filter\iir\RBJ.cpp : message : see previous definition of '_CRT_SECURE_NO_WARNINGS'
  State.cpp
C:\Users\Carolina\Desktop\Internship\Software\Hasomed_examples\sciencemode_stim_trigger\sciencemode_stim_trigger\filter\iir\Common.h(50,1): warning C4005: '_CRT_SECURE_NO_WARNINGS': macro redefinition
C:\Users\Carolina\Desktop\Internship\Software\Hasomed_examples\sciencemode_stim_trigger\sciencemode_stim_trigger\filter\iir\State.cpp : message : see previous definition of '_CRT_SECURE_NO_WARNINGS'
  bandStop.cpp
C:\Users\Carolina\Desktop\Internship\Software\ProjectCPP\MoveIngest\bandStop.cpp(27,1): warning C4305: 'initializing': truncation from 'double' to 'float'
C:\Users\Carolina\Desktop\Internship\Software\ProjectCPP\MoveIngest\bandStop.cpp(74,17): warning C4244: 'return': conversion from '__int64' to 'int', possible loss of data
  MoveIngest.cpp
C:\Users\Carolina\Desktop\Internship\Software\ProjectCPP\MoveIngest\SASLIB.h(356,18): warning C4244: '=': conversion from 'SOCKET' to 'int', possible loss of data
C:\Users\Carolina\Desktop\Internship\Software\ProjectCPP\MoveIngest\SASLIB.h(375,1): warning C4267: 'argument': conversion from 'size_t' to 'int', possible loss of data
C:\Users\Carolina\Desktop\Internship\Software\ProjectCPP\MoveIngest\SASLIB.h(386,1): warning C4267: 'argument': conversion from 'size_t' to 'int', possible loss of data
C:\Users\Carolina\Desktop\Internship\Software\ProjectCPP\MoveIngest\SASLIB.h(494,14): warning C4244: 'argument': conversion from 'SOCKET' to 'int', possible loss of data
C:\Users\Carolina\Desktop\Internship\Software\ProjectCPP\MoveIngest\SASLIB.h(658,16): warning C4244: 'argument': conversion from 'SOCKET' to 'int', possible loss of data
C:\Users\Carolina\Desktop\Internship\Software\ProjectCPP\MoveIngest\MoveIngest.cpp(342,31): warning C4267: 'initializing': conversion from 'size_t' to 'int', possible loss of data
C:\Users\Carolina\Desktop\Internship\Software\ProjectCPP\MoveIngest\MoveIngest.cpp(427,15): warning C4244: '=': conversion from 'unsigned __int64' to 'int', possible loss of data
C:\Users\Carolina\Desktop\Internship\Software\ProjectCPP\MoveIngest\MoveIngest.cpp(543,63): warning C4244: '=': conversion from 'double' to 'float', possible loss of data
C:\Users\Carolina\Desktop\Internship\Software\ProjectCPP\MoveIngest\MoveIngest.cpp(544,63): warning C4244: '=': conversion from 'double' to 'float', possible loss of data
C:\Users\Carolina\Desktop\Internship\Software\ProjectCPP\MoveIngest\MoveIngest.cpp(547,63): warning C4244: '=': conversion from 'double' to 'float', possible loss of data
C:\Users\Carolina\Desktop\Internship\Software\ProjectCPP\MoveIngest\MoveIngest.cpp(548,63): warning C4244: '=': conversion from 'double' to 'float', possible loss of data
C:\Users\Carolina\Desktop\Internship\Software\ProjectCPP\MoveIngest\MoveIngest.cpp(673,34): warning C4477: 'sprintf' : format string '%1.1f' requires an argument of type 'double', but variadic argument 2 has type 'int'
C:\Users\Carolina\Desktop\Internship\Software\ProjectCPP\MoveIngest\MoveIngest.cpp(688,45): warning C4267: '=': conversion from 'size_t' to 'int', possible loss of data
C:\Users\Carolina\Desktop\Internship\Software\ProjectCPP\MoveIngest\MoveIngest.cpp(851,57): warning C4267: '=': conversion from 'size_t' to 'int', possible loss of data
C:\Users\Carolina\Desktop\Internship\Software\ProjectCPP\MoveIngest\MoveIngest.cpp(883,57): warning C4267: '=': conversion from 'size_t' to 'int', possible loss of data
C:\Users\Carolina\Desktop\Internship\Software\ProjectCPP\MoveIngest\MoveIngest.cpp(894,35): warning C4244: '=': conversion from 'double' to 'float', possible loss of data
C:\Users\Carolina\Desktop\Internship\Software\ProjectCPP\MoveIngest\MoveIngest.cpp(897,35): warning C4244: '=': conversion from 'double' to 'float', possible loss of data
C:\Users\Carolina\Desktop\Internship\Software\ProjectCPP\MoveIngest\MoveIngest.cpp(938,57): warning C4267: '=': conversion from 'size_t' to 'int', possible loss of data
  notch100.cpp
C:\Users\Carolina\Desktop\Internship\Software\ProjectCPP\MoveIngest\notch100.cpp(27,1): warning C4305: 'initializing': truncation from 'double' to 'float'
C:\Users\Carolina\Desktop\Internship\Software\ProjectCPP\MoveIngest\notch100.cpp(74,17): warning C4244: 'return': conversion from '__int64' to 'int', possible loss of data
  notch50.cpp
C:\Users\Carolina\Desktop\Internship\Software\ProjectCPP\MoveIngest\notch50.cpp(27,1): warning C4305: 'initializing': truncation from 'double' to 'float'
C:\Users\Carolina\Desktop\Internship\Software\ProjectCPP\MoveIngest\notch50.cpp(74,17): warning C4244: 'return': conversion from '__int64' to 'int', possible loss of data
  SASLIB.cpp
C:\Users\Carolina\Desktop\Internship\Software\ProjectCPP\MoveIngest\SASLIB.h(356,18): warning C4244: '=': conversion from 'SOCKET' to 'int', possible loss of data
C:\Users\Carolina\Desktop\Internship\Software\ProjectCPP\MoveIngest\SASLIB.h(375,1): warning C4267: 'argument': conversion from 'size_t' to 'int', possible loss of data
C:\Users\Carolina\Desktop\Internship\Software\ProjectCPP\MoveIngest\SASLIB.h(386,1): warning C4267: 'argument': conversion from 'size_t' to 'int', possible loss of data
C:\Users\Carolina\Desktop\Internship\Software\ProjectCPP\MoveIngest\SASLIB.h(494,14): warning C4244: 'argument': conversion from 'SOCKET' to 'int', possible loss of data
C:\Users\Carolina\Desktop\Internship\Software\ProjectCPP\MoveIngest\SASLIB.h(658,16): warning C4244: 'argument': conversion from 'SOCKET' to 'int', possible loss of data
     Creating library C:\Users\Carolina\Desktop\Internship\Software\ProjectCPP\MoveIngest\x64\Release\MoveIngest.lib and object C:\Users\Carolina\Desktop\Internship\Software\ProjectCPP\MoveIngest\x64\Release\MoveIngest.exp
  Generating code
  Previous IPDB not found, fall back to full compilation.
  All 938 functions were compiled because no usable IPDB/IOBJ from previous compilation was found.
  Finished generating code
  MoveIngest.vcxproj -> C:\Users\Carolina\Desktop\Internship\Software\ProjectCPP\MoveIngest\x64\Release\MoveIngest.exe
  MoveIngest.vcxproj -> C:\Users\Carolina\Desktop\Internship\Software\ProjectCPP\MoveIngest\x64\Release\MoveIngest.pdb (Partial -> Full PDB)
C:\Users\Carolina\Desktop\Internship\Software\ProjectCPP\MoveIngest\x64\Release\MoveIngest.pdb : fatal error CMF1107: input PDB file is not generated by /DEBUG:fastlink
